SF:/Users/arulebarobbert/tokenbound_impl/soroban-contract/contracts/event_manager/src/fuzz.rs
FN:22,_RNvMs3_NtCsbgEDpo6Prfz_13event_manager4fuzzNtB5_12MockContract13deploy_ticket
FN:26,_RNvMs3_NtCsbgEDpo6Prfz_13event_manager4fuzzNtB5_12MockContract15mint_ticket_nft
FN:30,_RNvMs3_NtCsbgEDpo6Prfz_13event_manager4fuzzNtB5_12MockContract8transfer
FN:33,_RNvNtCsbgEDpo6Prfz_13event_manager4fuzz5setup
FNDA:52,_RNvMs3_NtCsbgEDpo6Prfz_13event_manager4fuzzNtB5_12MockContract13deploy_ticket
FNDA:71,_RNvMs3_NtCsbgEDpo6Prfz_13event_manager4fuzzNtB5_12MockContract15mint_ticket_nft
FNDA:20,_RNvMs3_NtCsbgEDpo6Prfz_13event_manager4fuzzNtB5_12MockContract8transfer
FNDA:104,_RNvNtCsbgEDpo6Prfz_13event_manager4fuzz5setup
FNF:4
FNH:4
DA:22,52
DA:23,52
DA:24,52
DA:26,71
DA:27,71
DA:28,71
DA:30,20
DA:33,104
DA:34,104
DA:35,104
DA:36,104
DA:37,104
DA:38,104
DA:40,104
DA:41,104
DA:42,104
BRF:0
BRH:0
LF:16
LH:16
end_of_record
SF:/Users/arulebarobbert/tokenbound_impl/soroban-contract/contracts/event_manager/src/lib.rs
FN:137,_RNvXs1D_CsbgEDpo6Prfz_13event_managerNtNtNtCs8u0AqxxETQw_11stellar_xdr4curr9generated5ScValINtNtCscRhuRUhh5qb_4core7convert7TryFromRNtB6_13BuyerPurchaseE8try_from
FN:144,_RNvXs1R_CsbgEDpo6Prfz_13event_managerNtNtNtCs8u0AqxxETQw_11stellar_xdr4curr9generated5ScValINtNtCscRhuRUhh5qb_4core7convert7TryFromRNtB6_17PoapBadgeMetadataE8try_from
FN:108,_RNvXs1b_CsbgEDpo6Prfz_13event_managerNtNtNtCs8u0AqxxETQw_11stellar_xdr4curr9generated5ScValINtNtCscRhuRUhh5qb_4core7convert7TryFromRNtB6_5EventE8try_from
FN:125,_RNvXs1p_CsbgEDpo6Prfz_13event_managerNtNtNtCs8u0AqxxETQw_11stellar_xdr4curr9generated5ScValINtNtCscRhuRUhh5qb_4core7convert7TryFromRNtB6_13ArchivedEventE8try_from
FN:152,_RNvXs25_CsbgEDpo6Prfz_13event_managerNtNtNtCs8u0AqxxETQw_11stellar_xdr4curr9generated5ScValINtNtCscRhuRUhh5qb_4core7convert7TryFromRNtB6_16PoapMintMetadataE8try_from
FN:86,_RNvXsJ_CsbgEDpo6Prfz_13event_managerNtNtNtCs8u0AqxxETQw_11stellar_xdr4curr9generated5ScValINtNtCscRhuRUhh5qb_4core7convert7TryFromRNtB5_10TierConfigE8try_from
FN:94,_RNvXsX_CsbgEDpo6Prfz_13event_managerNtNtNtCs8u0AqxxETQw_11stellar_xdr4curr9generated5ScValINtNtCscRhuRUhh5qb_4core7convert7TryFromRNtB5_17CreateEventParamsE8try_from
FN:47,_RNvXsm_CsbgEDpo6Prfz_13event_managerNtNtNtCs8u0AqxxETQw_11stellar_xdr4curr9generated5ScValINtNtCscRhuRUhh5qb_4core7convert7TryFromRNtB5_7DataKeyE8try_from
FN:77,_RNvXsv_CsbgEDpo6Prfz_13event_managerNtNtNtCs8u0AqxxETQw_11stellar_xdr4curr9generated5ScValINtNtCscRhuRUhh5qb_4core7convert7TryFromRNtB5_10TicketTierE8try_from
FN:603,_RNCNvMs2h_CsbgEDpo6Prfz_13event_managerNtB8_12EventManager12cancel_event0B8_
FN:268,_RNCNvMs2h_CsbgEDpo6Prfz_13event_managerNtB8_12EventManager15mark_attendance0B8_
FN:1214,_RNCNvMs2h_CsbgEDpo6Prfz_13event_managerNtB8_12EventManager15record_purchase0B8_
FN:1232,_RNCNvMs2h_CsbgEDpo6Prfz_13event_managerNtB8_12EventManager15record_purchases0_0B8_
FN:1218,_RNCNvMs2h_CsbgEDpo6Prfz_13event_managerNtB8_12EventManager15record_purchases_0B8_
FN:325,_RNCNvMs2h_CsbgEDpo6Prfz_13event_managerNtB8_12EventManager16distribute_poaps0B8_
FN:1255,_RNCNvMs2h_CsbgEDpo6Prfz_13event_managerNtB8_12EventManager21calculate_total_price0B8_
FN:1270,_RNCNvMs2h_CsbgEDpo6Prfz_13event_managerNtB8_12EventManager21calculate_total_prices0_0B8_
FN:1271,_RNCNvMs2h_CsbgEDpo6Prfz_13event_managerNtB8_12EventManager21calculate_total_prices1_0B8_
FN:1258,_RNCNvMs2h_CsbgEDpo6Prfz_13event_managerNtB8_12EventManager21calculate_total_prices_0B8_
FN:177,_RNvMs2h_CsbgEDpo6Prfz_13event_managerNtB6_12EventManager10initialize
FN:575,_RNvMs2h_CsbgEDpo6Prfz_13event_managerNtB6_12EventManager12cancel_event
FN:617,_RNvMs2h_CsbgEDpo6Prfz_13event_managerNtB6_12EventManager12claim_refund
FN:501,_RNvMs2h_CsbgEDpo6Prfz_13event_managerNtB6_12EventManager12create_event
FN:811,_RNvMs2h_CsbgEDpo6Prfz_13event_managerNtB6_12EventManager12update_event
FN:950,_RNvMs2h_CsbgEDpo6Prfz_13event_managerNtB6_12EventManager13archive_event
FN:1049,_RNvMs2h_CsbgEDpo6Prfz_13event_managerNtB6_12EventManager14cancel_upgrade
FN:1053,_RNvMs2h_CsbgEDpo6Prfz_13event_managerNtB6_12EventManager14commit_upgrade
FN:198,_RNvMs2h_CsbgEDpo6Prfz_13event_managerNtB6_12EventManager14configure_poap
FN:557,_RNvMs2h_CsbgEDpo6Prfz_13event_managerNtB6_12EventManager14get_all_events
FN:1065,_RNvMs2h_CsbgEDpo6Prfz_13event_managerNtB6_12EventManager14transfer_admin
FN:897,_RNvMs2h_CsbgEDpo6Prfz_13event_managerNtB6_12EventManager14withdraw_funds
FN:526,_RNvMs2h_CsbgEDpo6Prfz_13event_managerNtB6_12EventManager15create_event_v2
FN:550,_RNvMs2h_CsbgEDpo6Prfz_13event_managerNtB6_12EventManager15get_event_count
FN:543,_RNvMs2h_CsbgEDpo6Prfz_13event_managerNtB6_12EventManager15get_event_tiers
FN:240,_RNvMs2h_CsbgEDpo6Prfz_13event_managerNtB6_12EventManager15mark_attendance
FN:675,_RNvMs2h_CsbgEDpo6Prfz_13event_managerNtB6_12EventManager15purchase_ticket
FN:1206,_RNvMs2h_CsbgEDpo6Prfz_13event_managerNtB6_12EventManager15record_purchase
FN:282,_RNvMs2h_CsbgEDpo6Prfz_13event_managerNtB6_12EventManager16distribute_poaps
FN:684,_RNvMs2h_CsbgEDpo6Prfz_13event_managerNtB6_12EventManager16purchase_tickets
FN:1045,_RNvMs2h_CsbgEDpo6Prfz_13event_managerNtB6_12EventManager16schedule_upgrade
FN:1185,_RNvMs2h_CsbgEDpo6Prfz_13event_managerNtB6_12EventManager17deploy_ticket_nft
FN:390,_RNvMs2h_CsbgEDpo6Prfz_13event_managerNtB6_12EventManager17initialize_legacy
FN:537,_RNvMs2h_CsbgEDpo6Prfz_13event_managerNtB6_12EventManager18get_archived_event
FN:569,_RNvMs2h_CsbgEDpo6Prfz_13event_managerNtB6_12EventManager18get_buyer_purchase
FN:785,_RNvMs2h_CsbgEDpo6Prfz_13event_managerNtB6_12EventManager19update_tickets_sold
FN:1100,_RNvMs2h_CsbgEDpo6Prfz_13event_managerNtB6_12EventManager19validate_event_span
FN:1250,_RNvMs2h_CsbgEDpo6Prfz_13event_managerNtB6_12EventManager21calculate_total_price
FN:1274,_RNvMs2h_CsbgEDpo6Prfz_13event_managerNtB6_12EventManager21extend_persistent_ttl
FN:1080,_RNvMs2h_CsbgEDpo6Prfz_13event_managerNtB6_12EventManager21validate_ticket_price
FN:1136,_RNvMs2h_CsbgEDpo6Prfz_13event_managerNtB6_12EventManager23commit_organizer_create
FN:404,_RNvMs2h_CsbgEDpo6Prfz_13event_managerNtB6_12EventManager23create_event_with_tiers
FN:1073,_RNvMs2h_CsbgEDpo6Prfz_13event_managerNtB6_12EventManager23validate_bounded_string
FN:1087,_RNvMs2h_CsbgEDpo6Prfz_13event_managerNtB6_12EventManager24validate_create_schedule
FN:1173,_RNvMs2h_CsbgEDpo6Prfz_13event_managerNtB6_12EventManager25get_and_increment_counter
FN:220,_RNvMs2h_CsbgEDpo6Prfz_13event_managerNtB6_12EventManager25set_default_poap_metadata
FN:1160,_RNvMs2h_CsbgEDpo6Prfz_13event_managerNtB6_12EventManager25try_promote_from_waitlist
FN:1108,_RNvMs2h_CsbgEDpo6Prfz_13event_managerNtB6_12EventManager26validate_start_not_too_far
FN:1151,_RNvMs2h_CsbgEDpo6Prfz_13event_managerNtB6_12EventManager31decrement_organizer_open_events
FN:1116,_RNvMs2h_CsbgEDpo6Prfz_13event_managerNtB6_12EventManager33enforce_organizer_limits_and_rate
FN:1057,_RNvMs2h_CsbgEDpo6Prfz_13event_managerNtB6_12EventManager5pause
FN:1061,_RNvMs2h_CsbgEDpo6Prfz_13event_managerNtB6_12EventManager7unpause
FN:1069,_RNvMs2h_CsbgEDpo6Prfz_13event_managerNtB6_12EventManager7version
FN:530,_RNvMs2h_CsbgEDpo6Prfz_13event_managerNtB6_12EventManager9get_event
FNDA:0,_RNvXs1D_CsbgEDpo6Prfz_13event_managerNtNtNtCs8u0AqxxETQw_11stellar_xdr4curr9generated5ScValINtNtCscRhuRUhh5qb_4core7convert7TryFromRNtB6_13BuyerPurchaseE8try_from
FNDA:0,_RNvXs1R_CsbgEDpo6Prfz_13event_managerNtNtNtCs8u0AqxxETQw_11stellar_xdr4curr9generated5ScValINtNtCscRhuRUhh5qb_4core7convert7TryFromRNtB6_17PoapBadgeMetadataE8try_from
FNDA:0,_RNvXs1b_CsbgEDpo6Prfz_13event_managerNtNtNtCs8u0AqxxETQw_11stellar_xdr4curr9generated5ScValINtNtCscRhuRUhh5qb_4core7convert7TryFromRNtB6_5EventE8try_from
FNDA:0,_RNvXs1p_CsbgEDpo6Prfz_13event_managerNtNtNtCs8u0AqxxETQw_11stellar_xdr4curr9generated5ScValINtNtCscRhuRUhh5qb_4core7convert7TryFromRNtB6_13ArchivedEventE8try_from
FNDA:0,_RNvXs25_CsbgEDpo6Prfz_13event_managerNtNtNtCs8u0AqxxETQw_11stellar_xdr4curr9generated5ScValINtNtCscRhuRUhh5qb_4core7convert7TryFromRNtB6_16PoapMintMetadataE8try_from
FNDA:0,_RNvXsJ_CsbgEDpo6Prfz_13event_managerNtNtNtCs8u0AqxxETQw_11stellar_xdr4curr9generated5ScValINtNtCscRhuRUhh5qb_4core7convert7TryFromRNtB5_10TierConfigE8try_from
FNDA:0,_RNvXsX_CsbgEDpo6Prfz_13event_managerNtNtNtCs8u0AqxxETQw_11stellar_xdr4curr9generated5ScValINtNtCscRhuRUhh5qb_4core7convert7TryFromRNtB5_17CreateEventParamsE8try_from
FNDA:0,_RNvXsm_CsbgEDpo6Prfz_13event_managerNtNtNtCs8u0AqxxETQw_11stellar_xdr4curr9generated5ScValINtNtCscRhuRUhh5qb_4core7convert7TryFromRNtB5_7DataKeyE8try_from
FNDA:0,_RNvXsv_CsbgEDpo6Prfz_13event_managerNtNtNtCs8u0AqxxETQw_11stellar_xdr4curr9generated5ScValINtNtCscRhuRUhh5qb_4core7convert7TryFromRNtB5_10TicketTierE8try_from
FNDA:64,_RNCNvMs2h_CsbgEDpo6Prfz_13event_managerNtB8_12EventManager12cancel_event0B8_
FNDA:0,_RNCNvMs2h_CsbgEDpo6Prfz_13event_managerNtB8_12EventManager15mark_attendance0B8_
FNDA:0,_RNCNvMs2h_CsbgEDpo6Prfz_13event_managerNtB8_12EventManager15record_purchase0B8_
FNDA:29,_RNCNvMs2h_CsbgEDpo6Prfz_13event_managerNtB8_12EventManager15record_purchases0_0B8_
FNDA:0,_RNCNvMs2h_CsbgEDpo6Prfz_13event_managerNtB8_12EventManager15record_purchases_0B8_
FNDA:0,_RNCNvMs2h_CsbgEDpo6Prfz_13event_managerNtB8_12EventManager16distribute_poaps0B8_
FNDA:0,_RNCNvMs2h_CsbgEDpo6Prfz_13event_managerNtB8_12EventManager21calculate_total_price0B8_
FNDA:39,_RNCNvMs2h_CsbgEDpo6Prfz_13event_managerNtB8_12EventManager21calculate_total_prices0_0B8_
FNDA:0,_RNCNvMs2h_CsbgEDpo6Prfz_13event_managerNtB8_12EventManager21calculate_total_prices1_0B8_
FNDA:0,_RNCNvMs2h_CsbgEDpo6Prfz_13event_managerNtB8_12EventManager21calculate_total_prices_0B8_
FNDA:143,_RNvMs2h_CsbgEDpo6Prfz_13event_managerNtB6_12EventManager10initialize
FNDA:64,_RNvMs2h_CsbgEDpo6Prfz_13event_managerNtB6_12EventManager12cancel_event
FNDA:66,_RNvMs2h_CsbgEDpo6Prfz_13event_managerNtB6_12EventManager12claim_refund
FNDA:0,_RNvMs2h_CsbgEDpo6Prfz_13event_managerNtB6_12EventManager12create_event
FNDA:10,_RNvMs2h_CsbgEDpo6Prfz_13event_managerNtB6_12EventManager12update_event
FNDA:0,_RNvMs2h_CsbgEDpo6Prfz_13event_managerNtB6_12EventManager13archive_event
FNDA:0,_RNvMs2h_CsbgEDpo6Prfz_13event_managerNtB6_12EventManager14cancel_upgrade
FNDA:0,_RNvMs2h_CsbgEDpo6Prfz_13event_managerNtB6_12EventManager14commit_upgrade
FNDA:0,_RNvMs2h_CsbgEDpo6Prfz_13event_managerNtB6_12EventManager14configure_poap
FNDA:0,_RNvMs2h_CsbgEDpo6Prfz_13event_managerNtB6_12EventManager14get_all_events
FNDA:0,_RNvMs2h_CsbgEDpo6Prfz_13event_managerNtB6_12EventManager14transfer_admin
FNDA:61,_RNvMs2h_CsbgEDpo6Prfz_13event_managerNtB6_12EventManager14withdraw_funds
FNDA:104,_RNvMs2h_CsbgEDpo6Prfz_13event_managerNtB6_12EventManager15create_event_v2
FNDA:0,_RNvMs2h_CsbgEDpo6Prfz_13event_managerNtB6_12EventManager15get_event_count
FNDA:4,_RNvMs2h_CsbgEDpo6Prfz_13event_managerNtB6_12EventManager15get_event_tiers
FNDA:0,_RNvMs2h_CsbgEDpo6Prfz_13event_managerNtB6_12EventManager15mark_attendance
FNDA:30,_RNvMs2h_CsbgEDpo6Prfz_13event_managerNtB6_12EventManager15purchase_ticket
FNDA:41,_RNvMs2h_CsbgEDpo6Prfz_13event_managerNtB6_12EventManager15record_purchase
FNDA:0,_RNvMs2h_CsbgEDpo6Prfz_13event_managerNtB6_12EventManager16distribute_poaps
FNDA:85,_RNvMs2h_CsbgEDpo6Prfz_13event_managerNtB6_12EventManager16purchase_tickets
FNDA:0,_RNvMs2h_CsbgEDpo6Prfz_13event_managerNtB6_12EventManager16schedule_upgrade
FNDA:87,_RNvMs2h_CsbgEDpo6Prfz_13event_managerNtB6_12EventManager17deploy_ticket_nft
FNDA:0,_RNvMs2h_CsbgEDpo6Prfz_13event_managerNtB6_12EventManager17initialize_legacy
FNDA:0,_RNvMs2h_CsbgEDpo6Prfz_13event_managerNtB6_12EventManager18get_archived_event
FNDA:2,_RNvMs2h_CsbgEDpo6Prfz_13event_managerNtB6_12EventManager18get_buyer_purchase
FNDA:0,_RNvMs2h_CsbgEDpo6Prfz_13event_managerNtB6_12EventManager19update_tickets_sold
FNDA:117,_RNvMs2h_CsbgEDpo6Prfz_13event_managerNtB6_12EventManager19validate_event_span
FNDA:41,_RNvMs2h_CsbgEDpo6Prfz_13event_managerNtB6_12EventManager21calculate_total_price
FNDA:846,_RNvMs2h_CsbgEDpo6Prfz_13event_managerNtB6_12EventManager21extend_persistent_ttl
FNDA:103,_RNvMs2h_CsbgEDpo6Prfz_13event_managerNtB6_12EventManager21validate_ticket_price
FNDA:87,_RNvMs2h_CsbgEDpo6Prfz_13event_managerNtB6_12EventManager23commit_organizer_create
FNDA:140,_RNvMs2h_CsbgEDpo6Prfz_13event_managerNtB6_12EventManager23create_event_with_tiers
FNDA:191,_RNvMs2h_CsbgEDpo6Prfz_13event_managerNtB6_12EventManager23validate_bounded_string
FNDA:140,_RNvMs2h_CsbgEDpo6Prfz_13event_managerNtB6_12EventManager24validate_create_schedule
FNDA:87,_RNvMs2h_CsbgEDpo6Prfz_13event_managerNtB6_12EventManager25get_and_increment_counter
FNDA:0,_RNvMs2h_CsbgEDpo6Prfz_13event_managerNtB6_12EventManager25set_default_poap_metadata
FNDA:3,_RNvMs2h_CsbgEDpo6Prfz_13event_managerNtB6_12EventManager25try_promote_from_waitlist
FNDA:90,_RNvMs2h_CsbgEDpo6Prfz_13event_managerNtB6_12EventManager26validate_start_not_too_far
FNDA:67,_RNvMs2h_CsbgEDpo6Prfz_13event_managerNtB6_12EventManager31decrement_organizer_open_events
FNDA:87,_RNvMs2h_CsbgEDpo6Prfz_13event_managerNtB6_12EventManager33enforce_organizer_limits_and_rate
FNDA:0,_RNvMs2h_CsbgEDpo6Prfz_13event_managerNtB6_12EventManager5pause
FNDA:0,_RNvMs2h_CsbgEDpo6Prfz_13event_managerNtB6_12EventManager7unpause
FNDA:0,_RNvMs2h_CsbgEDpo6Prfz_13event_managerNtB6_12EventManager7version
FNDA:30,_RNvMs2h_CsbgEDpo6Prfz_13event_managerNtB6_12EventManager9get_event
FNF:63
FNH:29
DA:47,0
DA:77,0
DA:86,0
DA:94,0
DA:108,0
DA:125,0
DA:137,0
DA:144,0
DA:152,0
DA:177,143
DA:178,143
DA:179,0
DA:180,143
DA:181,143
DA:182,143
DA:183,143
DA:184,143
DA:185,143
DA:186,143
DA:187,143
DA:188,143
DA:189,143
DA:190,143
DA:198,0
DA:199,0
DA:200,0
DA:201,0
DA:202,0
DA:203,0
DA:204,0
DA:205,0
DA:207,0
DA:208,0
DA:209,0
DA:210,0
DA:211,0
DA:212,0
DA:213,0
DA:214,0
DA:215,0
DA:216,0
DA:217,0
DA:220,0
DA:221,0
DA:222,0
DA:223,0
DA:224,0
DA:225,0
DA:226,0
DA:227,0
DA:229,0
DA:230,0
DA:231,0
DA:232,0
DA:233,0
DA:234,0
DA:240,0
DA:241,0
DA:242,0
DA:243,0
DA:246,0
DA:247,0
DA:248,0
DA:249,0
DA:251,0
DA:252,0
DA:253,0
DA:255,0
DA:256,0
DA:257,0
DA:258,0
DA:260,0
DA:261,0
DA:263,0
DA:264,0
DA:265,0
DA:266,0
DA:267,0
DA:268,0
DA:269,0
DA:270,0
DA:271,0
DA:273,0
DA:274,0
DA:275,0
DA:276,0
DA:282,0
DA:283,0
DA:284,0
DA:285,0
DA:287,0
DA:288,0
DA:289,0
DA:291,0
DA:292,0
DA:293,0
DA:294,0
DA:296,0
DA:297,0
DA:299,0
DA:300,0
DA:301,0
DA:302,0
DA:303,0
DA:305,0
DA:306,0
DA:307,0
DA:308,0
DA:309,0
DA:310,0
DA:311,0
DA:312,0
DA:313,0
DA:314,0
DA:315,0
DA:316,0
DA:317,0
DA:318,0
DA:319,0
DA:321,0
DA:322,0
DA:323,0
DA:324,0
DA:325,0
DA:327,0
DA:328,0
DA:329,0
DA:330,0
DA:331,0
DA:332,0
DA:333,0
DA:334,0
DA:335,0
DA:337,0
DA:338,0
DA:339,0
DA:340,0
DA:341,0
DA:342,0
DA:343,0
DA:344,0
DA:345,0
DA:346,0
DA:349,0
DA:350,0
DA:351,0
DA:352,0
DA:353,0
DA:354,0
DA:355,0
DA:356,0
DA:357,0
DA:362,0
DA:363,0
DA:364,0
DA:365,0
DA:366,0
DA:367,0
DA:368,0
DA:369,0
DA:370,0
DA:371,0
DA:372,0
DA:374,0
DA:377,0
DA:378,0
DA:379,0
DA:380,0
DA:382,0
DA:383,0
DA:384,0
DA:387,0
DA:388,0
DA:390,0
DA:391,0
DA:392,0
DA:393,0
DA:394,0
DA:395,0
DA:396,0
DA:397,0
DA:398,0
DA:399,0
DA:400,0
DA:401,0
DA:402,0
DA:404,140
DA:405,140
DA:406,140
DA:408,140
DA:409,87
DA:410,87
DA:411,87
DA:413,87
DA:414,0
DA:415,87
DA:417,87
DA:419,87
DA:420,82
DA:421,0
DA:422,82
DA:423,82
DA:424,82
DA:425,82
DA:426,82
DA:427,82
DA:428,82
DA:429,82
DA:430,82
DA:432,5
DA:433,15
DA:434,15
DA:435,15
DA:436,0
DA:437,15
DA:438,15
DA:439,15
DA:440,0
DA:441,15
DA:442,15
DA:443,15
DA:444,15
DA:445,15
DA:446,15
DA:447,15
DA:449,5
DA:452,87
DA:453,87
DA:454,0
DA:455,87
DA:457,87
DA:458,87
DA:459,87
DA:460,87
DA:462,87
DA:463,87
DA:465,87
DA:466,87
DA:467,87
DA:468,87
DA:469,87
DA:470,87
DA:471,87
DA:472,87
DA:473,87
DA:474,87
DA:475,87
DA:476,87
DA:477,87
DA:478,87
DA:480,87
DA:481,87
DA:482,87
DA:483,87
DA:484,87
DA:485,87
DA:487,87
DA:488,87
DA:489,87
DA:491,87
DA:492,87
DA:493,87
DA:496,87
DA:498,87
DA:499,140
DA:501,0
DA:502,0
DA:503,0
DA:504,0
DA:505,0
DA:506,0
DA:507,0
DA:508,0
DA:509,0
DA:510,0
DA:511,0
DA:512,0
DA:513,0
DA:514,0
DA:515,0
DA:516,0
DA:517,0
DA:518,0
DA:519,0
DA:520,0
DA:521,0
DA:522,0
DA:523,0
DA:524,0
DA:526,104
DA:527,104
DA:528,104
DA:530,30
DA:531,30
DA:532,30
DA:533,30
DA:534,30
DA:535,30
DA:537,0
DA:538,0
DA:539,0
DA:540,0
DA:541,0
DA:543,4
DA:544,4
DA:545,4
DA:546,4
DA:547,4
DA:548,4
DA:550,0
DA:551,0
DA:552,0
DA:553,0
DA:554,0
DA:555,0
DA:557,0
DA:558,0
DA:559,0
DA:561,0
DA:562,0
DA:563,0
DA:564,0
DA:566,0
DA:567,0
DA:569,2
DA:570,2
DA:571,2
DA:572,2
DA:573,2
DA:575,64
DA:576,64
DA:578,64
DA:579,64
DA:580,64
DA:581,64
DA:582,64
DA:584,64
DA:586,64
DA:587,0
DA:588,64
DA:590,64
DA:591,64
DA:592,64
DA:593,64
DA:594,64
DA:596,64
DA:597,64
DA:599,64
DA:600,64
DA:601,64
DA:602,64
DA:603,64
DA:605,64
DA:606,0
DA:607,0
DA:608,0
DA:609,0
DA:610,64
DA:612,64
DA:614,64
DA:615,64
DA:617,66
DA:618,66
DA:619,66
DA:621,66
DA:622,66
DA:623,66
DA:624,66
DA:625,66
DA:627,65
DA:628,1
DA:629,64
DA:631,64
DA:632,64
DA:633,64
DA:634,64
DA:636,2
DA:637,62
DA:639,62
DA:640,62
DA:641,62
DA:642,62
DA:643,62
DA:645,19
DA:646,19
DA:647,19
DA:648,19
DA:650,19
DA:651,18
DA:652,18
DA:653,18
DA:654,18
DA:655,18
DA:656,18
DA:657,18
DA:658,18
DA:659,18
DA:660,18
DA:661,18
DA:662,18
DA:663,18
DA:664,18
DA:665,18
DA:667,19
DA:668,19
DA:669,19
DA:672,19
DA:673,66
DA:675,30
DA:676,30
DA:677,30
DA:678,30
DA:679,30
DA:680,30
DA:681,30
DA:682,30
DA:684,85
DA:685,85
DA:686,85
DA:687,85
DA:688,85
DA:689,85
DA:690,85
DA:691,85
DA:692,85
DA:694,85
DA:695,0
DA:696,85
DA:697,85
DA:698,0
DA:699,85
DA:701,85
DA:702,85
DA:703,85
DA:704,85
DA:705,85
DA:707,85
DA:708,0
DA:709,85
DA:711,85
DA:712,85
DA:713,85
DA:714,85
DA:715,85
DA:717,85
DA:718,43
DA:719,42
DA:721,42
DA:723,42
DA:724,1
DA:725,41
DA:727,41
DA:728,41
DA:730,41
DA:731,39
DA:732,39
DA:733,39
DA:735,117
DA:736,117
DA:737,117
DA:738,117
DA:739,117
DA:740,117
DA:741,117
DA:742,117
DA:743,117
DA:744,117
DA:745,117
DA:746,117
DA:747,117
DA:748,117
DA:749,117
DA:751,41
DA:752,41
DA:753,41
DA:754,41
DA:755,41
DA:756,41
DA:758,41
DA:760,41
DA:761,41
DA:762,41
DA:763,41
DA:765,41
DA:766,41
DA:767,41
DA:768,41
DA:770,41
DA:771,41
DA:772,41
DA:773,41
DA:774,41
DA:775,41
DA:776,41
DA:777,41
DA:778,41
DA:779,41
DA:782,41
DA:783,85
DA:785,0
DA:786,0
DA:787,0
DA:788,0
DA:789,0
DA:790,0
DA:792,0
DA:794,0
DA:795,0
DA:796,0
DA:797,0
DA:799,0
DA:800,0
DA:801,0
DA:803,0
DA:804,0
DA:805,0
DA:806,0
DA:808,0
DA:809,0
DA:811,10
DA:812,10
DA:813,10
DA:814,10
DA:815,10
DA:816,10
DA:817,10
DA:818,10
DA:819,10
DA:820,10
DA:822,10
DA:823,10
DA:824,10
DA:825,10
DA:826,10
DA:828,9
DA:830,9
DA:831,1
DA:832,8
DA:834,8
DA:836,8
DA:837,2
DA:838,2
DA:839,6
DA:841,8
DA:842,1
DA:843,0
DA:844,1
DA:845,1
DA:846,1
DA:847,7
DA:849,8
DA:850,2
DA:851,0
DA:852,2
DA:853,2
DA:854,1
DA:855,1
DA:856,1
DA:857,6
DA:859,7
DA:860,7
DA:861,3
DA:862,1
DA:863,2
DA:864,2
DA:865,1
DA:866,1
DA:867,1
DA:868,1
DA:869,1
DA:870,4
DA:872,5
DA:873,5
DA:874,1
DA:875,0
DA:876,1
DA:877,1
DA:878,1
DA:879,1
DA:880,0
DA:881,1
DA:882,4
DA:884,5
DA:885,5
DA:886,5
DA:887,5
DA:889,5
DA:890,5
DA:891,5
DA:894,5
DA:895,10
DA:897,61
DA:898,61
DA:900,61
DA:901,61
DA:902,61
DA:903,61
DA:904,61
DA:906,60
DA:908,60
DA:909,54
DA:910,6
DA:912,6
DA:913,1
DA:914,5
DA:916,5
DA:917,5
DA:918,5
DA:919,5
DA:921,2
DA:922,3
DA:924,3
DA:925,3
DA:926,3
DA:927,3
DA:929,3
DA:930,3
DA:932,3
DA:933,2
DA:934,2
DA:935,2
DA:936,2
DA:937,2
DA:939,3
DA:940,3
DA:941,3
DA:944,3
DA:945,3
DA:947,3
DA:948,61
DA:950,0
DA:951,0
DA:953,0
DA:954,0
DA:955,0
DA:956,0
DA:958,0
DA:959,0
DA:961,0
DA:962,0
DA:963,0
DA:964,0
DA:965,0
DA:967,0
DA:969,0
DA:970,0
DA:971,0
DA:973,0
DA:974,0
DA:975,0
DA:976,0
DA:978,0
DA:979,0
DA:980,0
DA:981,0
DA:983,0
DA:984,0
DA:986,0
DA:987,0
DA:988,0
DA:989,0
DA:990,0
DA:992,0
DA:993,0
DA:994,0
DA:995,0
DA:996,0
DA:997,0
DA:998,0
DA:999,0
DA:1000,0
DA:1002,0
DA:1003,0
DA:1004,0
DA:1005,0
DA:1007,0
DA:1008,0
DA:1009,0
DA:1010,0
DA:1012,0
DA:1013,0
DA:1014,0
DA:1015,0
DA:1016,0
DA:1017,0
DA:1018,0
DA:1019,0
DA:1020,0
DA:1022,0
DA:1023,0
DA:1024,0
DA:1025,0
DA:1026,0
DA:1027,0
DA:1028,0
DA:1029,0
DA:1030,0
DA:1031,0
DA:1032,0
DA:1033,0
DA:1034,0
DA:1035,0
DA:1036,0
DA:1037,0
DA:1039,0
DA:1040,0
DA:1042,0
DA:1043,0
DA:1045,0
DA:1046,0
DA:1047,0
DA:1049,0
DA:1050,0
DA:1051,0
DA:1053,0
DA:1054,0
DA:1055,0
DA:1057,0
DA:1058,0
DA:1059,0
DA:1061,0
DA:1062,0
DA:1063,0
DA:1065,0
DA:1066,0
DA:1067,0
DA:1069,0
DA:1070,0
DA:1071,0
DA:1073,191
DA:1074,191
DA:1075,0
DA:1076,191
DA:1077,191
DA:1078,191
DA:1080,103
DA:1081,103
DA:1082,0
DA:1083,103
DA:1084,103
DA:1085,103
DA:1087,140
DA:1088,140
DA:1089,140
DA:1090,1
DA:1091,139
DA:1092,139
DA:1093,24
DA:1094,115
DA:1095,115
DA:1096,88
DA:1097,87
DA:1098,140
DA:1100,117
DA:1101,117
DA:1102,117
DA:1103,27
DA:1104,90
DA:1105,90
DA:1106,117
DA:1108,90
DA:1109,90
DA:1110,90
DA:1111,1
DA:1112,89
DA:1113,89
DA:1114,90
DA:1116,87
DA:1117,87
DA:1118,87
DA:1119,87
DA:1120,0
DA:1121,87
DA:1123,87
DA:1124,0
DA:1125,0
DA:1126,0
DA:1127,0
DA:1128,0
DA:1129,0
DA:1130,0
DA:1131,0
DA:1132,87
DA:1133,87
DA:1134,87
DA:1136,87
DA:1137,87
DA:1138,87
DA:1139,87
DA:1140,87
DA:1141,87
DA:1142,87
DA:1144,87
DA:1145,87
DA:1146,87
DA:1147,87
DA:1148,87
DA:1149,87
DA:1151,67
DA:1152,67
DA:1153,67
DA:1154,67
DA:1155,67
DA:1156,67
DA:1157,67
DA:1158,67
DA:1160,3
DA:1161,3
DA:1162,3
DA:1163,0
DA:1164,0
DA:1165,0
DA:1166,0
DA:1167,0
DA:1168,0
DA:1169,0
DA:1170,3
DA:1171,3
DA:1173,87
DA:1174,87
DA:1175,87
DA:1176,87
DA:1177,87
DA:1178,87
DA:1179,87
DA:1180,87
DA:1181,87
DA:1182,87
DA:1183,87
DA:1185,87
DA:1186,87
DA:1187,87
DA:1188,87
DA:1189,87
DA:1190,87
DA:1192,87
DA:1193,87
DA:1194,87
DA:1195,87
DA:1197,87
DA:1198,87
DA:1199,87
DA:1200,87
DA:1203,87
DA:1204,87
DA:1206,41
DA:1207,41
DA:1208,41
DA:1210,41
DA:1211,0
DA:1212,0
DA:1213,0
DA:1214,0
DA:1215,0
DA:1216,0
DA:1217,0
DA:1218,0
DA:1219,0
DA:1221,41
DA:1222,41
DA:1223,41
DA:1224,41
DA:1225,41
DA:1227,41
DA:1228,41
DA:1229,41
DA:1230,41
DA:1231,41
DA:1232,41
DA:1233,41
DA:1234,41
DA:1235,41
DA:1238,41
DA:1239,39
DA:1240,39
DA:1241,39
DA:1242,39
DA:1243,39
DA:1244,39
DA:1245,39
DA:1247,41
DA:1248,41
DA:1250,41
DA:1251,41
DA:1252,2
DA:1253,39
DA:1254,39
DA:1255,39
DA:1256,39
DA:1257,39
DA:1258,39
DA:1260,39
DA:1261,4
DA:1262,35
DA:1263,4
DA:1265,31
DA:1268,39
DA:1269,39
DA:1270,39
DA:1271,39
DA:1272,41
DA:1274,846
DA:1275,846
DA:1276,846
BRF:0
BRH:0
LF:914
LH:527
end_of_record
SF:/Users/arulebarobbert/tokenbound_impl/soroban-contract/contracts/event_manager/src/test.rs
FN:11,_RNvMs3_NtCsbgEDpo6Prfz_13event_manager4testNtB5_12MockContract13deploy_ticket
FN:15,_RNvMs3_NtCsbgEDpo6Prfz_13event_manager4testNtB5_12MockContract15mint_ticket_nft
FN:19,_RNvMs3_NtCsbgEDpo6Prfz_13event_manager4testNtB5_12MockContract8transfer
FN:56,_RNvNtCsbgEDpo6Prfz_13event_manager4test10make_event
FN:275,_RNvNtCsbgEDpo6Prfz_13event_manager4test10make_tiers
FN:34,_RNvNtCsbgEDpo6Prfz_13event_manager4test11make_params
FN:607,_RNvNtCsbgEDpo6Prfz_13event_manager4test22setup_event_for_update
FN:24,_RNvNtCsbgEDpo6Prfz_13event_manager4test5setup
FN:120,_RNvNtCsbgEDpo6Prfz_13event_manager4tests_17test_cancel_event
FN:70,_RNvNtCsbgEDpo6Prfz_13event_manager4tests_17test_create_event
FN:132,_RNvNtCsbgEDpo6Prfz_13event_manager4tests_20test_purchase_ticket
FN:666,_RNvNtCsbgEDpo6Prfz_13event_manager4tests_23test_update_event_dates
FN:614,_RNvNtCsbgEDpo6Prfz_13event_manager4tests_23test_update_event_theme
FN:242,_RNvNtCsbgEDpo6Prfz_13event_manager4tests_27test_multiple_refund_claims
FN:464,_RNvNtCsbgEDpo6Prfz_13event_manager4tests_27test_withdraw_funds_success
FN:147,_RNvNtCsbgEDpo6Prfz_13event_manager4tests_28test_claim_refund_successful
FN:296,_RNvNtCsbgEDpo6Prfz_13event_manager4tests_28test_create_event_with_tiers
FN:217,_RNvNtCsbgEDpo6Prfz_13event_manager4tests_29test_claim_refund_free_ticket
FN:687,_RNvNtCsbgEDpo6Prfz_13event_manager4tests_29test_update_event_emits_event
FN:175,_RNvNtCsbgEDpo6Prfz_13event_manager4tests_30test_claim_refund_double_claim
FN:632,_RNvNtCsbgEDpo6Prfz_13event_manager4tests_30test_update_event_ticket_price
FN:649,_RNvNtCsbgEDpo6Prfz_13event_manager4tests_31test_update_event_total_tickets
FN:376,_RNvNtCsbgEDpo6Prfz_13event_manager4tests_32test_backward_compat_single_tier
FN:332,_RNvNtCsbgEDpo6Prfz_13event_manager4tests_32test_per_tier_inventory_tracking
FN:707,_RNvNtCsbgEDpo6Prfz_13event_manager4tests_32test_update_event_canceled_fails
FN:540,_RNvNtCsbgEDpo6Prfz_13event_manager4tests_32test_withdraw_funds_zero_balance
FN:779,_RNvNtCsbgEDpo6Prfz_13event_manager4tests_33test_update_event_not_found_fails
FN:315,_RNvNtCsbgEDpo6Prfz_13event_manager4tests_34test_purchase_ticket_specific_tier
FN:350,_RNvNtCsbgEDpo6Prfz_13event_manager4tests_34test_purchase_ticket_tier_sold_out
FN:264,_RNvNtCsbgEDpo6Prfz_13event_manager4tests_35test_claim_refund_nonexistent_event
FN:795,_RNvNtCsbgEDpo6Prfz_13event_manager4tests_35test_refund_cannot_be_claimed_twice
FN:488,_RNvNtCsbgEDpo6Prfz_13event_manager4tests_35test_withdraw_funds_before_end_date
FN:499,_RNvNtCsbgEDpo6Prfz_13event_manager4tests_35test_withdraw_funds_cancelled_event
FN:162,_RNvNtCsbgEDpo6Prfz_13event_manager4tests_36test_claim_refund_event_not_canceled
FN:202,_RNvNtCsbgEDpo6Prfz_13event_manager4tests_37test_claim_refund_no_ticket_purchased
FN:514,_RNvNtCsbgEDpo6Prfz_13event_manager4tests_37test_withdraw_funds_double_withdrawal
FN:531,_RNvNtCsbgEDpo6Prfz_13event_manager4tests_37test_withdraw_funds_nonexistent_event
FN:190,_RNvNtCsbgEDpo6Prfz_13event_manager4tests_38test_cancel_event_marks_event_canceled
FN:99,_RNvNtCsbgEDpo6Prfz_13event_manager4tests_39test_create_event_past_start_date_fails
FN:366,_RNvNtCsbgEDpo6Prfz_13event_manager4tests_39test_purchase_ticket_invalid_tier_index
FN:744,_RNvNtCsbgEDpo6Prfz_13event_manager4tests_39test_update_event_start_date_past_fails
FN:762,_RNvNtCsbgEDpo6Prfz_13event_manager4tests_40test_update_event_end_before_start_fails
FN:568,_RNvNtCsbgEDpo6Prfz_13event_manager4tests_41test_withdraw_funds_after_partial_refunds
FN:437,_RNvNtCsbgEDpo6Prfz_13event_manager4tests_42test_batch_purchase_refund_uses_total_paid
FN:409,_RNvNtCsbgEDpo6Prfz_13event_manager4tests_44test_purchase_tickets_applies_group_discount
FN:394,_RNvNtCsbgEDpo6Prfz_13event_manager4tests_45test_purchase_tickets_increments_tickets_sold
FN:724,_RNvNtCsbgEDpo6Prfz_13event_manager4tests_48test_update_event_total_tickets_below_sold_fails
FNDA:35,_RNvMs3_NtCsbgEDpo6Prfz_13event_manager4testNtB5_12MockContract13deploy_ticket
FNDA:46,_RNvMs3_NtCsbgEDpo6Prfz_13event_manager4testNtB5_12MockContract15mint_ticket_nft
FNDA:39,_RNvMs3_NtCsbgEDpo6Prfz_13event_manager4testNtB5_12MockContract8transfer
FNDA:29,_RNvNtCsbgEDpo6Prfz_13event_manager4test10make_event
FNDA:5,_RNvNtCsbgEDpo6Prfz_13event_manager4test10make_tiers
FNDA:29,_RNvNtCsbgEDpo6Prfz_13event_manager4test11make_params
FNDA:8,_RNvNtCsbgEDpo6Prfz_13event_manager4test22setup_event_for_update
FNDA:39,_RNvNtCsbgEDpo6Prfz_13event_manager4test5setup
FNDA:1,_RNvNtCsbgEDpo6Prfz_13event_manager4tests_17test_cancel_event
FNDA:1,_RNvNtCsbgEDpo6Prfz_13event_manager4tests_17test_create_event
FNDA:1,_RNvNtCsbgEDpo6Prfz_13event_manager4tests_20test_purchase_ticket
FNDA:1,_RNvNtCsbgEDpo6Prfz_13event_manager4tests_23test_update_event_dates
FNDA:1,_RNvNtCsbgEDpo6Prfz_13event_manager4tests_23test_update_event_theme
FNDA:1,_RNvNtCsbgEDpo6Prfz_13event_manager4tests_27test_multiple_refund_claims
FNDA:1,_RNvNtCsbgEDpo6Prfz_13event_manager4tests_27test_withdraw_funds_success
FNDA:1,_RNvNtCsbgEDpo6Prfz_13event_manager4tests_28test_claim_refund_successful
FNDA:1,_RNvNtCsbgEDpo6Prfz_13event_manager4tests_28test_create_event_with_tiers
FNDA:1,_RNvNtCsbgEDpo6Prfz_13event_manager4tests_29test_claim_refund_free_ticket
FNDA:1,_RNvNtCsbgEDpo6Prfz_13event_manager4tests_29test_update_event_emits_event
FNDA:1,_RNvNtCsbgEDpo6Prfz_13event_manager4tests_30test_claim_refund_double_claim
FNDA:1,_RNvNtCsbgEDpo6Prfz_13event_manager4tests_30test_update_event_ticket_price
FNDA:1,_RNvNtCsbgEDpo6Prfz_13event_manager4tests_31test_update_event_total_tickets
FNDA:1,_RNvNtCsbgEDpo6Prfz_13event_manager4tests_32test_backward_compat_single_tier
FNDA:1,_RNvNtCsbgEDpo6Prfz_13event_manager4tests_32test_per_tier_inventory_tracking
FNDA:1,_RNvNtCsbgEDpo6Prfz_13event_manager4tests_32test_update_event_canceled_fails
FNDA:1,_RNvNtCsbgEDpo6Prfz_13event_manager4tests_32test_withdraw_funds_zero_balance
FNDA:1,_RNvNtCsbgEDpo6Prfz_13event_manager4tests_33test_update_event_not_found_fails
FNDA:1,_RNvNtCsbgEDpo6Prfz_13event_manager4tests_34test_purchase_ticket_specific_tier
FNDA:1,_RNvNtCsbgEDpo6Prfz_13event_manager4tests_34test_purchase_ticket_tier_sold_out
FNDA:1,_RNvNtCsbgEDpo6Prfz_13event_manager4tests_35test_claim_refund_nonexistent_event
FNDA:1,_RNvNtCsbgEDpo6Prfz_13event_manager4tests_35test_refund_cannot_be_claimed_twice
FNDA:1,_RNvNtCsbgEDpo6Prfz_13event_manager4tests_35test_withdraw_funds_before_end_date
FNDA:1,_RNvNtCsbgEDpo6Prfz_13event_manager4tests_35test_withdraw_funds_cancelled_event
FNDA:1,_RNvNtCsbgEDpo6Prfz_13event_manager4tests_36test_claim_refund_event_not_canceled
FNDA:1,_RNvNtCsbgEDpo6Prfz_13event_manager4tests_37test_claim_refund_no_ticket_purchased
FNDA:1,_RNvNtCsbgEDpo6Prfz_13event_manager4tests_37test_withdraw_funds_double_withdrawal
FNDA:1,_RNvNtCsbgEDpo6Prfz_13event_manager4tests_37test_withdraw_funds_nonexistent_event
FNDA:1,_RNvNtCsbgEDpo6Prfz_13event_manager4tests_38test_cancel_event_marks_event_canceled
FNDA:1,_RNvNtCsbgEDpo6Prfz_13event_manager4tests_39test_create_event_past_start_date_fails
FNDA:1,_RNvNtCsbgEDpo6Prfz_13event_manager4tests_39test_purchase_ticket_invalid_tier_index
FNDA:1,_RNvNtCsbgEDpo6Prfz_13event_manager4tests_39test_update_event_start_date_past_fails
FNDA:1,_RNvNtCsbgEDpo6Prfz_13event_manager4tests_40test_update_event_end_before_start_fails
FNDA:1,_RNvNtCsbgEDpo6Prfz_13event_manager4tests_41test_withdraw_funds_after_partial_refunds
FNDA:1,_RNvNtCsbgEDpo6Prfz_13event_manager4tests_42test_batch_purchase_refund_uses_total_paid
FNDA:1,_RNvNtCsbgEDpo6Prfz_13event_manager4tests_44test_purchase_tickets_applies_group_discount
FNDA:1,_RNvNtCsbgEDpo6Prfz_13event_manager4tests_45test_purchase_tickets_increments_tickets_sold
FNDA:1,_RNvNtCsbgEDpo6Prfz_13event_manager4tests_48test_update_event_total_tickets_below_sold_fails
FNF:47
FNH:47
DA:11,35
DA:12,35
DA:13,35
DA:15,46
DA:16,46
DA:17,46
DA:19,39
DA:24,39
DA:25,39
DA:26,39
DA:27,39
DA:28,39
DA:29,39
DA:30,39
DA:31,39
DA:32,39
DA:34,29
DA:35,29
DA:36,29
DA:37,29
DA:38,29
DA:39,29
DA:40,29
DA:41,29
DA:42,29
DA:43,29
DA:44,29
DA:45,29
DA:46,29
DA:47,29
DA:48,29
DA:49,29
DA:50,29
DA:51,29
DA:52,29
DA:53,29
DA:54,29
DA:56,29
DA:57,29
DA:58,29
DA:59,29
DA:60,29
DA:61,29
DA:62,29
DA:63,29
DA:64,29
DA:65,29
DA:70,1
DA:71,1
DA:72,1
DA:73,1
DA:74,1
DA:76,1
DA:77,1
DA:78,1
DA:79,1
DA:80,1
DA:81,1
DA:82,1
DA:83,1
DA:84,1
DA:85,1
DA:86,1
DA:88,1
DA:90,1
DA:91,1
DA:92,1
DA:93,1
DA:94,1
DA:95,1
DA:96,1
DA:99,1
DA:100,1
DA:101,1
DA:102,1
DA:103,1
DA:105,1
DA:106,1
DA:107,1
DA:108,1
DA:109,1
DA:110,1
DA:111,1
DA:112,1
DA:113,1
DA:114,1
DA:115,1
DA:116,1
DA:117,1
DA:120,1
DA:121,1
DA:122,1
DA:123,1
DA:125,1
DA:127,1
DA:128,1
DA:129,1
DA:132,1
DA:133,1
DA:134,1
DA:135,1
DA:136,1
DA:138,1
DA:140,1
DA:141,1
DA:142,1
DA:147,1
DA:148,1
DA:149,1
DA:150,1
DA:151,1
DA:153,1
DA:154,1
DA:155,1
DA:157,1
DA:158,1
DA:159,1
DA:162,1
DA:163,1
DA:164,1
DA:165,1
DA:166,1
DA:168,1
DA:170,1
DA:171,1
DA:172,1
DA:175,1
DA:176,1
DA:177,1
DA:178,1
DA:179,1
DA:181,1
DA:182,1
DA:183,1
DA:185,1
DA:186,1
DA:187,1
DA:190,1
DA:191,1
DA:192,1
DA:193,1
DA:195,1
DA:197,1
DA:198,1
DA:199,1
DA:202,1
DA:203,1
DA:204,1
DA:205,1
DA:206,1
DA:207,1
DA:209,1
DA:210,1
DA:212,1
DA:213,1
DA:214,1
DA:217,1
DA:218,1
DA:219,1
DA:220,1
DA:221,1
DA:222,1
DA:224,1
DA:225,1
DA:226,1
DA:227,1
DA:228,1
DA:229,1
DA:230,1
DA:231,1
DA:232,1
DA:233,1
DA:234,1
DA:236,1
DA:237,1
DA:238,1
DA:239,1
DA:242,1
DA:243,1
DA:244,1
DA:245,1
DA:247,1
DA:248,1
DA:249,1
DA:251,1
DA:252,1
DA:253,1
DA:255,1
DA:257,1
DA:258,1
DA:259,1
DA:260,1
DA:261,1
DA:264,1
DA:265,1
DA:266,1
DA:267,1
DA:269,1
DA:270,1
DA:271,1
DA:275,5
DA:276,5
DA:277,5
DA:278,5
DA:279,5
DA:280,5
DA:281,5
DA:282,5
DA:283,5
DA:284,5
DA:285,5
DA:286,5
DA:287,5
DA:288,5
DA:289,5
DA:290,5
DA:291,5
DA:292,5
DA:293,5
DA:296,1
DA:297,1
DA:298,1
DA:299,1
DA:300,1
DA:302,1
DA:304,1
DA:305,1
DA:307,1
DA:308,1
DA:309,1
DA:310,1
DA:311,1
DA:312,1
DA:315,1
DA:316,1
DA:317,1
DA:318,1
DA:319,1
DA:322,1
DA:324,1
DA:325,1
DA:326,1
DA:327,1
DA:328,1
DA:329,1
DA:332,1
DA:333,1
DA:334,1
DA:335,1
DA:338,6
DA:339,5
DA:340,5
DA:342,1
DA:343,1
DA:344,1
DA:345,1
DA:346,1
DA:347,1
DA:350,1
DA:351,1
DA:352,1
DA:353,1
DA:356,4
DA:357,3
DA:358,3
DA:361,1
DA:362,1
DA:363,1
DA:366,1
DA:367,1
DA:368,1
DA:369,1
DA:371,1
DA:372,1
DA:373,1
DA:376,1
DA:377,1
DA:378,1
DA:379,1
DA:381,1
DA:382,1
DA:383,1
DA:384,1
DA:385,1
DA:387,1
DA:388,1
DA:389,1
DA:394,1
DA:395,1
DA:396,1
DA:397,1
DA:398,1
DA:400,1
DA:402,1
DA:403,1
DA:404,1
DA:405,1
DA:406,1
DA:409,1
DA:410,1
DA:411,1
DA:412,1
DA:413,1
DA:415,1
DA:416,1
DA:417,1
DA:418,1
DA:419,1
DA:420,1
DA:421,1
DA:422,1
DA:423,1
DA:424,1
DA:425,1
DA:426,1
DA:428,1
DA:430,1
DA:431,1
DA:433,1
DA:434,1
DA:437,1
DA:438,1
DA:439,1
DA:440,1
DA:441,1
DA:443,1
DA:444,1
DA:445,1
DA:446,1
DA:447,1
DA:448,1
DA:449,1
DA:450,1
DA:451,1
DA:452,1
DA:453,1
DA:454,1
DA:456,1
DA:457,1
DA:458,1
DA:459,1
DA:464,1
DA:465,1
DA:466,1
DA:467,1
DA:469,1
DA:470,1
DA:472,1
DA:473,1
DA:475,1
DA:478,1
DA:479,1
DA:481,1
DA:482,1
DA:483,1
DA:484,1
DA:485,1
DA:488,1
DA:489,1
DA:490,1
DA:491,1
DA:494,1
DA:495,1
DA:496,1
DA:499,1
DA:500,1
DA:501,1
DA:502,1
DA:504,1
DA:506,1
DA:507,1
DA:509,1
DA:510,1
DA:511,1
DA:514,1
DA:515,1
DA:516,1
DA:517,1
DA:519,1
DA:521,1
DA:522,1
DA:524,1
DA:526,1
DA:527,1
DA:528,1
DA:531,1
DA:532,1
DA:533,1
DA:535,1
DA:536,1
DA:537,1
DA:540,1
DA:541,1
DA:542,1
DA:544,1
DA:545,1
DA:546,1
DA:547,1
DA:548,1
DA:549,1
DA:550,1
DA:551,1
DA:552,1
DA:553,1
DA:554,1
DA:555,1
DA:556,1
DA:558,1
DA:560,1
DA:561,1
DA:564,1
DA:565,1
DA:568,1
DA:569,1
DA:570,1
DA:571,1
DA:572,1
DA:574,1
DA:575,1
DA:576,1
DA:577,1
DA:578,1
DA:579,1
DA:580,1
DA:581,1
DA:582,1
DA:583,1
DA:584,1
DA:586,1
DA:587,1
DA:588,1
DA:590,1
DA:591,1
DA:592,1
DA:595,1
DA:596,1
DA:599,1
DA:600,1
DA:601,1
DA:602,1
DA:603,1
DA:607,8
DA:608,8
DA:609,8
DA:610,8
DA:611,8
DA:614,1
DA:615,1
DA:616,1
DA:618,1
DA:619,1
DA:620,1
DA:621,1
DA:622,1
DA:623,1
DA:624,1
DA:627,1
DA:628,1
DA:629,1
DA:632,1
DA:633,1
DA:634,1
DA:636,1
DA:637,1
DA:638,1
DA:639,1
DA:640,1
DA:641,1
DA:642,1
DA:645,1
DA:646,1
DA:649,1
DA:650,1
DA:651,1
DA:653,1
DA:654,1
DA:655,1
DA:656,1
DA:657,1
DA:658,1
DA:659,1
DA:662,1
DA:663,1
DA:666,1
DA:667,1
DA:668,1
DA:669,1
DA:670,1
DA:672,1
DA:673,1
DA:674,1
DA:675,1
DA:676,1
DA:677,1
DA:678,1
DA:681,1
DA:682,1
DA:683,1
DA:684,1
DA:687,1
DA:688,1
DA:689,1
DA:691,1
DA:692,1
DA:693,1
DA:694,1
DA:695,1
DA:696,1
DA:697,1
DA:700,1
DA:701,1
DA:702,1
DA:704,1
DA:707,1
DA:708,1
DA:709,1
DA:710,1
DA:712,1
DA:713,1
DA:714,1
DA:715,1
DA:716,1
DA:717,1
DA:718,1
DA:720,1
DA:721,1
DA:724,1
DA:725,1
DA:726,1
DA:727,1
DA:729,1
DA:730,1
DA:732,1
DA:733,1
DA:734,1
DA:735,1
DA:736,1
DA:737,1
DA:738,1
DA:740,1
DA:741,1
DA:744,1
DA:745,1
DA:746,1
DA:747,1
DA:748,1
DA:750,1
DA:751,1
DA:752,1
DA:753,1
DA:754,1
DA:755,1
DA:756,1
DA:758,1
DA:759,1
DA:762,1
DA:763,1
DA:764,1
DA:765,1
DA:767,1
DA:768,1
DA:769,1
DA:770,1
DA:771,1
DA:772,1
DA:773,1
DA:775,1
DA:776,1
DA:779,1
DA:780,1
DA:781,1
DA:783,1
DA:784,1
DA:785,1
DA:786,1
DA:787,1
DA:788,1
DA:789,1
DA:791,1
DA:792,1
DA:795,1
DA:796,1
DA:797,1
DA:798,1
DA:799,1
DA:801,1
DA:802,1
DA:803,1
DA:805,1
DA:806,1
DA:807,1
BRF:0
BRH:0
LF:591
LH:591
end_of_record
SF:/Users/arulebarobbert/tokenbound_impl/soroban-contract/contracts/marketplace/src/lib.rs
FN:47,_RNvXsH_Cs4Ak0Oweg7gE_11marketplaceNtNtNtCs8u0AqxxETQw_11stellar_xdr4curr9generated5ScValINtNtCscRhuRUhh5qb_4core7convert7TryFromRNtB5_8PriceCapE8try_from
FN:54,_RNvXsQ_Cs4Ak0Oweg7gE_11marketplaceNtNtNtCs8u0AqxxETQw_11stellar_xdr4curr9generated5ScValINtNtCscRhuRUhh5qb_4core7convert7TryFromRNtB5_7DataKeyE8try_from
FN:25,_RNvXsn_Cs4Ak0Oweg7gE_11marketplaceNtNtNtCs8u0AqxxETQw_11stellar_xdr4curr9generated5ScValINtNtCscRhuRUhh5qb_4core7convert7TryFromRNtB5_7ListingE8try_from
FN:36,_RNvXsx_Cs4Ak0Oweg7gE_11marketplaceNtNtNtCs8u0AqxxETQw_11stellar_xdr4curr9generated5ScValINtNtCscRhuRUhh5qb_4core7convert7TryFromRNtB5_4SaleE8try_from
FN:291,_RNvMsX_Cs4Ak0Oweg7gE_11marketplaceNtB5_19MarketplaceContract11get_listing
FN:70,_RNvMsX_Cs4Ak0Oweg7gE_11marketplaceNtB5_19MarketplaceContract13___constructor
FN:258,_RNvMsX_Cs4Ak0Oweg7gE_11marketplaceNtB5_19MarketplaceContract14cancel_listing
FN:401,_RNvMsX_Cs4Ak0Oweg7gE_11marketplaceNtB5_19MarketplaceContract14cancel_upgrade
FN:405,_RNvMsX_Cs4Ak0Oweg7gE_11marketplaceNtB5_19MarketplaceContract14commit_upgrade
FN:105,_RNvMsX_Cs4Ak0Oweg7gE_11marketplaceNtB5_19MarketplaceContract14create_listing
FN:417,_RNvMsX_Cs4Ak0Oweg7gE_11marketplaceNtB5_19MarketplaceContract14transfer_admin
FN:167,_RNvMsX_Cs4Ak0Oweg7gE_11marketplaceNtB5_19MarketplaceContract15purchase_ticket
FN:397,_RNvMsX_Cs4Ak0Oweg7gE_11marketplaceNtB5_19MarketplaceContract16schedule_upgrade
FN:363,_RNvMsX_Cs4Ak0Oweg7gE_11marketplaceNtB5_19MarketplaceContract16update_price_cap
FN:297,_RNvMsX_Cs4Ak0Oweg7gE_11marketplaceNtB5_19MarketplaceContract19get_active_listings
FN:321,_RNvMsX_Cs4Ak0Oweg7gE_11marketplaceNtB5_19MarketplaceContract19get_seller_listings
FN:425,_RNvMsX_Cs4Ak0Oweg7gE_11marketplaceNtB5_19MarketplaceContract21extend_persistent_ttl
FN:344,_RNvMsX_Cs4Ak0Oweg7gE_11marketplaceNtB5_19MarketplaceContract21get_user_transactions
FN:409,_RNvMsX_Cs4Ak0Oweg7gE_11marketplaceNtB5_19MarketplaceContract5pause
FN:413,_RNvMsX_Cs4Ak0Oweg7gE_11marketplaceNtB5_19MarketplaceContract7unpause
FN:421,_RNvMsX_Cs4Ak0Oweg7gE_11marketplaceNtB5_19MarketplaceContract7version
FNDA:0,_RNvXsH_Cs4Ak0Oweg7gE_11marketplaceNtNtNtCs8u0AqxxETQw_11stellar_xdr4curr9generated5ScValINtNtCscRhuRUhh5qb_4core7convert7TryFromRNtB5_8PriceCapE8try_from
FNDA:0,_RNvXsQ_Cs4Ak0Oweg7gE_11marketplaceNtNtNtCs8u0AqxxETQw_11stellar_xdr4curr9generated5ScValINtNtCscRhuRUhh5qb_4core7convert7TryFromRNtB5_7DataKeyE8try_from
FNDA:0,_RNvXsn_Cs4Ak0Oweg7gE_11marketplaceNtNtNtCs8u0AqxxETQw_11stellar_xdr4curr9generated5ScValINtNtCscRhuRUhh5qb_4core7convert7TryFromRNtB5_7ListingE8try_from
FNDA:0,_RNvXsx_Cs4Ak0Oweg7gE_11marketplaceNtNtNtCs8u0AqxxETQw_11stellar_xdr4curr9generated5ScValINtNtCscRhuRUhh5qb_4core7convert7TryFromRNtB5_4SaleE8try_from
FNDA:0,_RNvMsX_Cs4Ak0Oweg7gE_11marketplaceNtB5_19MarketplaceContract11get_listing
FNDA:0,_RNvMsX_Cs4Ak0Oweg7gE_11marketplaceNtB5_19MarketplaceContract13___constructor
FNDA:0,_RNvMsX_Cs4Ak0Oweg7gE_11marketplaceNtB5_19MarketplaceContract14cancel_listing
FNDA:0,_RNvMsX_Cs4Ak0Oweg7gE_11marketplaceNtB5_19MarketplaceContract14cancel_upgrade
FNDA:0,_RNvMsX_Cs4Ak0Oweg7gE_11marketplaceNtB5_19MarketplaceContract14commit_upgrade
FNDA:0,_RNvMsX_Cs4Ak0Oweg7gE_11marketplaceNtB5_19MarketplaceContract14create_listing
FNDA:0,_RNvMsX_Cs4Ak0Oweg7gE_11marketplaceNtB5_19MarketplaceContract14transfer_admin
FNDA:0,_RNvMsX_Cs4Ak0Oweg7gE_11marketplaceNtB5_19MarketplaceContract15purchase_ticket
FNDA:0,_RNvMsX_Cs4Ak0Oweg7gE_11marketplaceNtB5_19MarketplaceContract16schedule_upgrade
FNDA:0,_RNvMsX_Cs4Ak0Oweg7gE_11marketplaceNtB5_19MarketplaceContract16update_price_cap
FNDA:0,_RNvMsX_Cs4Ak0Oweg7gE_11marketplaceNtB5_19MarketplaceContract19get_active_listings
FNDA:0,_RNvMsX_Cs4Ak0Oweg7gE_11marketplaceNtB5_19MarketplaceContract19get_seller_listings
FNDA:0,_RNvMsX_Cs4Ak0Oweg7gE_11marketplaceNtB5_19MarketplaceContract21extend_persistent_ttl
FNDA:0,_RNvMsX_Cs4Ak0Oweg7gE_11marketplaceNtB5_19MarketplaceContract21get_user_transactions
FNDA:0,_RNvMsX_Cs4Ak0Oweg7gE_11marketplaceNtB5_19MarketplaceContract5pause
FNDA:0,_RNvMsX_Cs4Ak0Oweg7gE_11marketplaceNtB5_19MarketplaceContract7unpause
FNDA:0,_RNvMsX_Cs4Ak0Oweg7gE_11marketplaceNtB5_19MarketplaceContract7version
FNF:21
FNH:0
DA:25,0
DA:36,0
DA:47,0
DA:54,0
DA:70,0
DA:71,0
DA:72,0
DA:73,0
DA:74,0
DA:75,0
DA:76,0
DA:78,0
DA:79,0
DA:81,0
DA:82,0
DA:83,0
DA:84,0
DA:85,0
DA:87,0
DA:88,0
DA:89,0
DA:90,0
DA:91,0
DA:92,0
DA:93,0
DA:94,0
DA:95,0
DA:96,0
DA:97,0
DA:98,0
DA:99,0
DA:100,0
DA:101,0
DA:102,0
DA:103,0
DA:105,0
DA:106,0
DA:107,0
DA:108,0
DA:109,0
DA:110,0
DA:111,0
DA:112,0
DA:113,0
DA:116,0
DA:117,0
DA:118,0
DA:119,0
DA:120,0
DA:123,0
DA:124,0
DA:125,0
DA:126,0
DA:127,0
DA:129,0
DA:130,0
DA:131,0
DA:133,0
DA:134,0
DA:135,0
DA:136,0
DA:137,0
DA:138,0
DA:140,0
DA:141,0
DA:142,0
DA:143,0
DA:144,0
DA:145,0
DA:146,0
DA:147,0
DA:149,0
DA:150,0
DA:151,0
DA:152,0
DA:153,0
DA:154,0
DA:156,0
DA:157,0
DA:159,0
DA:160,0
DA:161,0
DA:164,0
DA:165,0
DA:167,0
DA:168,0
DA:169,0
DA:170,0
DA:171,0
DA:172,0
DA:173,0
DA:175,0
DA:176,0
DA:177,0
DA:178,0
DA:180,0
DA:181,0
DA:184,0
DA:185,0
DA:186,0
DA:188,0
DA:189,0
DA:190,0
DA:193,0
DA:194,0
DA:195,0
DA:196,0
DA:198,0
DA:199,0
DA:202,0
DA:205,0
DA:208,0
DA:211,0
DA:212,0
DA:213,0
DA:214,0
DA:215,0
DA:219,0
DA:220,0
DA:221,0
DA:222,0
DA:223,0
DA:224,0
DA:227,0
DA:228,0
DA:229,0
DA:230,0
DA:231,0
DA:232,0
DA:233,0
DA:234,0
DA:235,0
DA:236,0
DA:237,0
DA:238,0
DA:239,0
DA:241,0
DA:242,0
DA:243,0
DA:244,0
DA:245,0
DA:246,0
DA:247,0
DA:248,0
DA:250,0
DA:251,0
DA:252,0
DA:255,0
DA:256,0
DA:258,0
DA:259,0
DA:260,0
DA:261,0
DA:262,0
DA:263,0
DA:265,0
DA:266,0
DA:267,0
DA:268,0
DA:270,0
DA:271,0
DA:274,0
DA:275,0
DA:276,0
DA:278,0
DA:279,0
DA:280,0
DA:282,0
DA:283,0
DA:284,0
DA:285,0
DA:286,0
DA:288,0
DA:289,0
DA:291,0
DA:292,0
DA:293,0
DA:294,0
DA:295,0
DA:297,0
DA:298,0
DA:299,0
DA:300,0
DA:301,0
DA:302,0
DA:303,0
DA:305,0
DA:306,0
DA:307,0
DA:308,0
DA:309,0
DA:310,0
DA:312,0
DA:313,0
DA:314,0
DA:315,0
DA:318,0
DA:319,0
DA:321,0
DA:322,0
DA:323,0
DA:324,0
DA:325,0
DA:326,0
DA:327,0
DA:329,0
DA:330,0
DA:331,0
DA:332,0
DA:333,0
DA:335,0
DA:336,0
DA:337,0
DA:338,0
DA:341,0
DA:342,0
DA:344,0
DA:345,0
DA:346,0
DA:347,0
DA:348,0
DA:349,0
DA:350,0
DA:352,0
DA:353,0
DA:354,0
DA:355,0
DA:356,0
DA:357,0
DA:360,0
DA:361,0
DA:363,0
DA:364,0
DA:365,0
DA:366,0
DA:367,0
DA:368,0
DA:369,0
DA:370,0
DA:372,0
DA:373,0
DA:374,0
DA:377,0
DA:378,0
DA:379,0
DA:381,0
DA:382,0
DA:383,0
DA:384,0
DA:385,0
DA:387,0
DA:388,0
DA:389,0
DA:390,0
DA:392,0
DA:393,0
DA:397,0
DA:398,0
DA:399,0
DA:401,0
DA:402,0
DA:403,0
DA:405,0
DA:406,0
DA:407,0
DA:409,0
DA:410,0
DA:411,0
DA:413,0
DA:414,0
DA:415,0
DA:417,0
DA:418,0
DA:419,0
DA:421,0
DA:422,0
DA:423,0
DA:425,0
DA:426,0
DA:427,0
BRF:0
BRH:0
LF:280
LH:0
end_of_record
SF:/Users/arulebarobbert/tokenbound_impl/soroban-contract/contracts/poap_nft/src/lib.rs
FN:36,_RNvXsA_Csdoo5x4ZH8aT_8poap_nftNtNtNtCs8u0AqxxETQw_11stellar_xdr4curr9generated5ScValINtNtCscRhuRUhh5qb_4core7convert7TryFromRNtB5_16OffChainMetadataE8try_from
FN:44,_RNvXsP_Csdoo5x4ZH8aT_8poap_nftNtNtNtCs8u0AqxxETQw_11stellar_xdr4curr9generated5ScValINtNtCscRhuRUhh5qb_4core7convert7TryFromRNtB5_7DataKeyE8try_from
FN:26,_RNvXsm_Csdoo5x4ZH8aT_8poap_nftNtNtNtCs8u0AqxxETQw_11stellar_xdr4curr9generated5ScValINtNtCscRhuRUhh5qb_4core7convert7TryFromRNtB5_12PoapMetadataE8try_from
FN:128,_RNvMsW_Csdoo5x4ZH8aT_8poap_nftNtB5_7PoapNft10balance_of
FN:68,_RNvMsW_Csdoo5x4ZH8aT_8poap_nftNtB5_7PoapNft10get_minter
FN:135,_RNvMsW_Csdoo5x4ZH8aT_8poap_nftNtB5_7PoapNft12get_metadata
FN:60,_RNvMsW_Csdoo5x4ZH8aT_8poap_nftNtB5_7PoapNft13___constructor
FN:186,_RNvMsW_Csdoo5x4ZH8aT_8poap_nftNtB5_7PoapNft14cancel_upgrade
FN:190,_RNvMsW_Csdoo5x4ZH8aT_8poap_nftNtB5_7PoapNft14commit_upgrade
FN:202,_RNvMsW_Csdoo5x4ZH8aT_8poap_nftNtB5_7PoapNft14transfer_admin
FN:182,_RNvMsW_Csdoo5x4ZH8aT_8poap_nftNtB5_7PoapNft16schedule_upgrade
FN:158,_RNvMsW_Csdoo5x4ZH8aT_8poap_nftNtB5_7PoapNft20update_off_chain_uri
FN:210,_RNvMsW_Csdoo5x4ZH8aT_8poap_nftNtB5_7PoapNft21extend_persistent_ttl
FN:194,_RNvMsW_Csdoo5x4ZH8aT_8poap_nftNtB5_7PoapNft5pause
FN:198,_RNvMsW_Csdoo5x4ZH8aT_8poap_nftNtB5_7PoapNft7unpause
FN:206,_RNvMsW_Csdoo5x4ZH8aT_8poap_nftNtB5_7PoapNft7version
FN:121,_RNvMsW_Csdoo5x4ZH8aT_8poap_nftNtB5_7PoapNft8owner_of
FN:75,_RNvMsW_Csdoo5x4ZH8aT_8poap_nftNtB5_7PoapNft9mint_poap
FN:142,_RNvMsW_Csdoo5x4ZH8aT_8poap_nftNtB5_7PoapNft9token_uri
FNDA:0,_RNvXsA_Csdoo5x4ZH8aT_8poap_nftNtNtNtCs8u0AqxxETQw_11stellar_xdr4curr9generated5ScValINtNtCscRhuRUhh5qb_4core7convert7TryFromRNtB5_16OffChainMetadataE8try_from
FNDA:0,_RNvXsP_Csdoo5x4ZH8aT_8poap_nftNtNtNtCs8u0AqxxETQw_11stellar_xdr4curr9generated5ScValINtNtCscRhuRUhh5qb_4core7convert7TryFromRNtB5_7DataKeyE8try_from
FNDA:0,_RNvXsm_Csdoo5x4ZH8aT_8poap_nftNtNtNtCs8u0AqxxETQw_11stellar_xdr4curr9generated5ScValINtNtCscRhuRUhh5qb_4core7convert7TryFromRNtB5_12PoapMetadataE8try_from
FNDA:1,_RNvMsW_Csdoo5x4ZH8aT_8poap_nftNtB5_7PoapNft10balance_of
FNDA:3,_RNvMsW_Csdoo5x4ZH8aT_8poap_nftNtB5_7PoapNft10get_minter
FNDA:1,_RNvMsW_Csdoo5x4ZH8aT_8poap_nftNtB5_7PoapNft12get_metadata
FNDA:2,_RNvMsW_Csdoo5x4ZH8aT_8poap_nftNtB5_7PoapNft13___constructor
FNDA:0,_RNvMsW_Csdoo5x4ZH8aT_8poap_nftNtB5_7PoapNft14cancel_upgrade
FNDA:0,_RNvMsW_Csdoo5x4ZH8aT_8poap_nftNtB5_7PoapNft14commit_upgrade
FNDA:0,_RNvMsW_Csdoo5x4ZH8aT_8poap_nftNtB5_7PoapNft14transfer_admin
FNDA:0,_RNvMsW_Csdoo5x4ZH8aT_8poap_nftNtB5_7PoapNft16schedule_upgrade
FNDA:0,_RNvMsW_Csdoo5x4ZH8aT_8poap_nftNtB5_7PoapNft20update_off_chain_uri
FNDA:8,_RNvMsW_Csdoo5x4ZH8aT_8poap_nftNtB5_7PoapNft21extend_persistent_ttl
FNDA:0,_RNvMsW_Csdoo5x4ZH8aT_8poap_nftNtB5_7PoapNft5pause
FNDA:0,_RNvMsW_Csdoo5x4ZH8aT_8poap_nftNtB5_7PoapNft7unpause
FNDA:0,_RNvMsW_Csdoo5x4ZH8aT_8poap_nftNtB5_7PoapNft7version
FNDA:1,_RNvMsW_Csdoo5x4ZH8aT_8poap_nftNtB5_7PoapNft8owner_of
FNDA:3,_RNvMsW_Csdoo5x4ZH8aT_8poap_nftNtB5_7PoapNft9mint_poap
FNDA:1,_RNvMsW_Csdoo5x4ZH8aT_8poap_nftNtB5_7PoapNft9token_uri
FNF:19
FNH:8
DA:26,0
DA:36,0
DA:44,0
DA:60,2
DA:61,2
DA:62,2
DA:63,2
DA:64,2
DA:65,2
DA:66,2
DA:68,3
DA:69,3
DA:70,3
DA:71,3
DA:72,3
DA:73,3
DA:75,3
DA:76,3
DA:77,3
DA:79,3
DA:80,3
DA:81,1
DA:82,2
DA:84,2
DA:85,2
DA:86,2
DA:87,2
DA:88,2
DA:90,2
DA:91,2
DA:92,2
DA:94,2
DA:95,2
DA:96,2
DA:97,2
DA:98,2
DA:100,2
DA:101,2
DA:102,2
DA:103,2
DA:105,2
DA:106,2
DA:107,2
DA:109,2
DA:110,2
DA:111,2
DA:112,2
DA:113,2
DA:115,2
DA:116,2
DA:118,2
DA:119,3
DA:121,1
DA:122,1
DA:123,1
DA:124,1
DA:125,1
DA:126,1
DA:128,1
DA:129,1
DA:130,1
DA:131,1
DA:132,1
DA:133,1
DA:135,1
DA:136,1
DA:137,1
DA:138,1
DA:139,1
DA:140,1
DA:142,1
DA:143,1
DA:144,0
DA:145,1
DA:147,1
DA:148,1
DA:149,1
DA:150,1
DA:152,0
DA:153,1
DA:155,1
DA:156,1
DA:158,0
DA:159,0
DA:160,0
DA:162,0
DA:163,0
DA:164,0
DA:166,0
DA:167,0
DA:168,0
DA:169,0
DA:170,0
DA:171,0
DA:172,0
DA:173,0
DA:175,0
DA:176,0
DA:177,0
DA:178,0
DA:182,0
DA:183,0
DA:184,0
DA:186,0
DA:187,0
DA:188,0
DA:190,0
DA:191,0
DA:192,0
DA:194,0
DA:195,0
DA:196,0
DA:198,0
DA:199,0
DA:200,0
DA:202,0
DA:203,0
DA:204,0
DA:206,0
DA:207,0
DA:208,0
DA:210,8
DA:211,8
DA:212,8
BRF:0
BRH:0
LF:124
LH:80
end_of_record
SF:/Users/arulebarobbert/tokenbound_impl/soroban-contract/contracts/poap_nft/src/test.rs
FN:8,_RNvNtCsdoo5x4ZH8aT_8poap_nft4tests_30test_mint_and_metadata_and_uri
FN:38,_RNvNtCsdoo5x4ZH8aT_8poap_nft4tests_42test_only_one_poap_per_event_per_recipient
FNDA:1,_RNvNtCsdoo5x4ZH8aT_8poap_nft4tests_30test_mint_and_metadata_and_uri
FNDA:1,_RNvNtCsdoo5x4ZH8aT_8poap_nft4tests_42test_only_one_poap_per_event_per_recipient
FNF:2
FNH:2
DA:8,1
DA:9,1
DA:10,1
DA:12,1
DA:13,1
DA:14,1
DA:16,1
DA:17,1
DA:18,1
DA:19,1
DA:20,1
DA:21,1
DA:22,1
DA:23,1
DA:25,1
DA:26,1
DA:27,1
DA:28,1
DA:30,1
DA:31,1
DA:33,1
DA:34,1
DA:35,1
DA:38,1
DA:39,1
DA:40,1
DA:42,1
DA:43,1
DA:44,1
DA:46,1
DA:47,1
DA:48,1
DA:49,1
DA:50,1
DA:51,1
DA:52,1
DA:53,1
DA:55,1
DA:56,1
DA:57,1
DA:58,1
BRF:0
BRH:0
LF:41
LH:41
end_of_record
SF:/Users/arulebarobbert/tokenbound_impl/soroban-contract/contracts/tba_account/src/lib.rs
FN:56,_RNvCs4MrokGVs71Z_11tba_account23get_implementation_hash
FN:69,_RNvCs4MrokGVs71Z_11tba_account8get_salt
FN:107,_RNvXsD_Cs4MrokGVs71Z_11tba_accountNtNtNtCs8u0AqxxETQw_11stellar_xdr4curr9generated5ScValINtNtCscRhuRUhh5qb_4core7convert7TryFromRNtB5_24TransactionExecutedEventE8try_from
FN:20,_RNvXsp_Cs4MrokGVs71Z_11tba_accountNtNtNtCs8u0AqxxETQw_11stellar_xdr4curr9generated5ScValINtNtCscRhuRUhh5qb_4core7convert7TryFromRNtB5_7DataKeyE8try_from
FN:45,_RNvCs4MrokGVs71Z_11tba_account12get_token_id
FN:52,_RNvCs4MrokGVs71Z_11tba_account12set_token_id
FN:116,_RNvCs4MrokGVs71Z_11tba_account13get_nft_owner
FN:80,_RNvCs4MrokGVs71Z_11tba_account14is_initialized
FN:100,_RNvCs4MrokGVs71Z_11tba_account15increment_nonce
FN:87,_RNvCs4MrokGVs71Z_11tba_account15set_initialized
FN:32,_RNvCs4MrokGVs71Z_11tba_account18get_token_contract
FN:39,_RNvCs4MrokGVs71Z_11tba_account18set_token_contract
FN:63,_RNvCs4MrokGVs71Z_11tba_account23set_implementation_hash
FN:76,_RNvCs4MrokGVs71Z_11tba_account8set_salt
FN:93,_RNvCs4MrokGVs71Z_11tba_account9get_nonce
FN:130,_RNvMsM_Cs4MrokGVs71Z_11tba_accountNtB5_10TbaAccount10initialize
FN:267,_RNvMsM_Cs4MrokGVs71Z_11tba_accountNtB5_10TbaAccount12___check_auth
FN:241,_RNvMsM_Cs4MrokGVs71Z_11tba_accountNtB5_10TbaAccount14cancel_upgrade
FN:245,_RNvMsM_Cs4MrokGVs71Z_11tba_accountNtB5_10TbaAccount14commit_upgrade
FN:161,_RNvMsM_Cs4MrokGVs71Z_11tba_accountNtB5_10TbaAccount14token_contract
FN:257,_RNvMsM_Cs4MrokGVs71Z_11tba_accountNtB5_10TbaAccount14transfer_admin
FN:237,_RNvMsM_Cs4MrokGVs71Z_11tba_accountNtB5_10TbaAccount16schedule_upgrade
FN:190,_RNvMsM_Cs4MrokGVs71Z_11tba_accountNtB5_10TbaAccount5nonce
FN:171,_RNvMsM_Cs4MrokGVs71Z_11tba_accountNtB5_10TbaAccount5owner
FN:249,_RNvMsM_Cs4MrokGVs71Z_11tba_accountNtB5_10TbaAccount5pause
FN:180,_RNvMsM_Cs4MrokGVs71Z_11tba_accountNtB5_10TbaAccount5token
FN:197,_RNvMsM_Cs4MrokGVs71Z_11tba_accountNtB5_10TbaAccount7execute
FN:253,_RNvMsM_Cs4MrokGVs71Z_11tba_accountNtB5_10TbaAccount7unpause
FN:261,_RNvMsM_Cs4MrokGVs71Z_11tba_accountNtB5_10TbaAccount7version
FN:166,_RNvMsM_Cs4MrokGVs71Z_11tba_accountNtB5_10TbaAccount8token_id
FNDA:0,_RNvCs4MrokGVs71Z_11tba_account23get_implementation_hash
FNDA:0,_RNvCs4MrokGVs71Z_11tba_account8get_salt
FNDA:0,_RNvXsD_Cs4MrokGVs71Z_11tba_accountNtNtNtCs8u0AqxxETQw_11stellar_xdr4curr9generated5ScValINtNtCscRhuRUhh5qb_4core7convert7TryFromRNtB5_24TransactionExecutedEventE8try_from
FNDA:0,_RNvXsp_Cs4MrokGVs71Z_11tba_accountNtNtNtCs8u0AqxxETQw_11stellar_xdr4curr9generated5ScValINtNtCscRhuRUhh5qb_4core7convert7TryFromRNtB5_7DataKeyE8try_from
FNDA:6,_RNvCs4MrokGVs71Z_11tba_account12get_token_id
FNDA:5,_RNvCs4MrokGVs71Z_11tba_account12set_token_id
FNDA:9,_RNvCs4MrokGVs71Z_11tba_account13get_nft_owner
FNDA:9,_RNvCs4MrokGVs71Z_11tba_account14is_initialized
FNDA:2,_RNvCs4MrokGVs71Z_11tba_account15increment_nonce
FNDA:5,_RNvCs4MrokGVs71Z_11tba_account15set_initialized
FNDA:5,_RNvCs4MrokGVs71Z_11tba_account18get_token_contract
FNDA:5,_RNvCs4MrokGVs71Z_11tba_account18set_token_contract
FNDA:5,_RNvCs4MrokGVs71Z_11tba_account23set_implementation_hash
FNDA:5,_RNvCs4MrokGVs71Z_11tba_account8set_salt
FNDA:4,_RNvCs4MrokGVs71Z_11tba_account9get_nonce
FNDA:6,_RNvMsM_Cs4MrokGVs71Z_11tba_accountNtB5_10TbaAccount10initialize
FNDA:0,_RNvMsM_Cs4MrokGVs71Z_11tba_accountNtB5_10TbaAccount12___check_auth
FNDA:0,_RNvMsM_Cs4MrokGVs71Z_11tba_accountNtB5_10TbaAccount14cancel_upgrade
FNDA:0,_RNvMsM_Cs4MrokGVs71Z_11tba_accountNtB5_10TbaAccount14commit_upgrade
FNDA:1,_RNvMsM_Cs4MrokGVs71Z_11tba_accountNtB5_10TbaAccount14token_contract
FNDA:0,_RNvMsM_Cs4MrokGVs71Z_11tba_accountNtB5_10TbaAccount14transfer_admin
FNDA:0,_RNvMsM_Cs4MrokGVs71Z_11tba_accountNtB5_10TbaAccount16schedule_upgrade
FNDA:2,_RNvMsM_Cs4MrokGVs71Z_11tba_accountNtB5_10TbaAccount5nonce
FNDA:1,_RNvMsM_Cs4MrokGVs71Z_11tba_accountNtB5_10TbaAccount5owner
FNDA:0,_RNvMsM_Cs4MrokGVs71Z_11tba_accountNtB5_10TbaAccount5pause
FNDA:0,_RNvMsM_Cs4MrokGVs71Z_11tba_accountNtB5_10TbaAccount5token
FNDA:3,_RNvMsM_Cs4MrokGVs71Z_11tba_accountNtB5_10TbaAccount7execute
FNDA:0,_RNvMsM_Cs4MrokGVs71Z_11tba_accountNtB5_10TbaAccount7unpause
FNDA:0,_RNvMsM_Cs4MrokGVs71Z_11tba_accountNtB5_10TbaAccount7version
FNDA:2,_RNvMsM_Cs4MrokGVs71Z_11tba_accountNtB5_10TbaAccount8token_id
FNF:30
FNH:17
DA:20,0
DA:32,5
DA:33,5
DA:34,5
DA:35,5
DA:36,5
DA:37,5
DA:39,5
DA:40,5
DA:41,5
DA:42,5
DA:43,5
DA:45,6
DA:46,6
DA:47,6
DA:48,6
DA:49,6
DA:50,6
DA:52,5
DA:53,5
DA:54,5
DA:56,0
DA:57,0
DA:58,0
DA:59,0
DA:60,0
DA:61,0
DA:63,5
DA:64,5
DA:65,5
DA:66,5
DA:67,5
DA:69,0
DA:70,0
DA:71,0
DA:72,0
DA:73,0
DA:74,0
DA:76,5
DA:77,5
DA:78,5
DA:80,9
DA:81,9
DA:82,9
DA:83,9
DA:84,9
DA:85,9
DA:87,5
DA:88,5
DA:89,5
DA:90,5
DA:91,5
DA:93,4
DA:94,4
DA:95,4
DA:96,4
DA:97,4
DA:98,4
DA:100,2
DA:101,2
DA:102,2
DA:103,2
DA:104,2
DA:105,2
DA:107,0
DA:116,9
DA:119,9
DA:120,9
DA:121,9
DA:122,9
DA:124,9
DA:130,6
DA:131,6
DA:132,6
DA:133,6
DA:134,6
DA:135,6
DA:136,6
DA:138,6
DA:139,1
DA:140,5
DA:143,5
DA:144,5
DA:145,5
DA:146,5
DA:147,5
DA:150,5
DA:151,5
DA:152,5
DA:155,5
DA:157,5
DA:158,6
DA:161,1
DA:162,1
DA:163,1
DA:166,2
DA:167,2
DA:168,2
DA:171,1
DA:172,1
DA:173,1
DA:174,1
DA:175,1
DA:180,0
DA:183,0
DA:184,0
DA:185,0
DA:186,0
DA:187,0
DA:190,2
DA:191,2
DA:192,2
DA:197,3
DA:199,3
DA:200,0
DA:201,3
DA:204,3
DA:205,3
DA:206,3
DA:209,3
DA:212,3
DA:215,3
DA:218,3
DA:219,3
DA:220,3
DA:221,3
DA:222,3
DA:223,3
DA:224,3
DA:225,3
DA:226,3
DA:227,3
DA:228,3
DA:232,3
DA:233,3
DA:237,0
DA:238,0
DA:239,0
DA:241,0
DA:242,0
DA:243,0
DA:245,0
DA:246,0
DA:247,0
DA:249,0
DA:250,0
DA:251,0
DA:253,0
DA:254,0
DA:255,0
DA:257,0
DA:258,0
DA:259,0
DA:261,0
DA:262,0
DA:263,0
DA:267,0
DA:268,0
DA:269,0
DA:270,0
DA:271,0
DA:272,0
DA:274,0
DA:275,0
DA:278,0
DA:282,0
DA:283,0
DA:284,0
DA:285,0
DA:286,0
DA:289,0
DA:290,0
BRF:0
BRH:0
LF:172
LH:114
end_of_record
SF:/Users/arulebarobbert/tokenbound_impl/soroban-contract/contracts/tba_account/src/test.rs
FN:14,_RNvMs3_NtCs4MrokGVs71Z_11tba_account4testNtB5_15MockNftContract8owner_of
FN:22,_RNvMs3_NtCs4MrokGVs71Z_11tba_account4testNtB5_15MockNftContract9set_owner
FN:34,_RNvMsb_NtCs4MrokGVs71Z_11tba_account4testNtB5_14TargetContract9test_func
FN:40,_RNvNtCs4MrokGVs71Z_11tba_account4test15create_test_env
FN:49,_RNvNtCs4MrokGVs71Z_11tba_account4tests_15test_initialize
FN:90,_RNvNtCs4MrokGVs71Z_11tba_account4tests_20test_execute_success
FN:70,_RNvNtCs4MrokGVs71Z_11tba_account4tests_27test_initialize_twice_fails
FN:147,_RNvNtCs4MrokGVs71Z_11tba_account4tests_27test_large_token_id_success
FN:122,_RNvNtCs4MrokGVs71Z_11tba_account4tests_28test_execute_non_owner_fails
FN:19,_RNCNvMs3_NtCs4MrokGVs71Z_11tba_account4testNtB7_15MockNftContract8owner_of0B9_
FNDA:9,_RNvMs3_NtCs4MrokGVs71Z_11tba_account4testNtB5_15MockNftContract8owner_of
FNDA:5,_RNvMs3_NtCs4MrokGVs71Z_11tba_account4testNtB5_15MockNftContract9set_owner
FNDA:2,_RNvMsb_NtCs4MrokGVs71Z_11tba_account4testNtB5_14TargetContract9test_func
FNDA:4,_RNvNtCs4MrokGVs71Z_11tba_account4test15create_test_env
FNDA:1,_RNvNtCs4MrokGVs71Z_11tba_account4tests_15test_initialize
FNDA:1,_RNvNtCs4MrokGVs71Z_11tba_account4tests_20test_execute_success
FNDA:1,_RNvNtCs4MrokGVs71Z_11tba_account4tests_27test_initialize_twice_fails
FNDA:1,_RNvNtCs4MrokGVs71Z_11tba_account4tests_27test_large_token_id_success
FNDA:1,_RNvNtCs4MrokGVs71Z_11tba_account4tests_28test_execute_non_owner_fails
FNDA:0,_RNCNvMs3_NtCs4MrokGVs71Z_11tba_account4testNtB7_15MockNftContract8owner_of0B9_
FNF:10
FNH:9
DA:14,9
DA:15,9
DA:16,9
DA:17,9
DA:18,9
DA:19,9
DA:20,9
DA:22,5
DA:23,5
DA:24,5
DA:25,5
DA:34,2
DA:35,2
DA:36,2
DA:40,4
DA:41,4
DA:42,4
DA:43,4
DA:44,4
DA:45,4
DA:46,4
DA:49,1
DA:50,1
DA:52,1
DA:53,1
DA:54,1
DA:55,1
DA:56,1
DA:58,1
DA:59,1
DA:62,1
DA:65,1
DA:66,1
DA:67,1
DA:70,1
DA:71,1
DA:73,1
DA:74,1
DA:75,1
DA:76,1
DA:77,1
DA:78,1
DA:79,1
DA:82,1
DA:85,1
DA:86,1
DA:87,1
DA:90,1
DA:91,1
DA:93,1
DA:94,1
DA:96,1
DA:98,1
DA:99,1
DA:100,1
DA:102,1
DA:103,1
DA:105,1
DA:108,1
DA:109,1
DA:112,1
DA:115,1
DA:116,1
DA:117,1
DA:118,1
DA:122,1
DA:123,1
DA:125,1
DA:126,1
DA:128,1
DA:129,1
DA:131,1
DA:132,1
DA:133,1
DA:135,1
DA:136,1
DA:137,1
DA:139,1
DA:140,1
DA:143,1
DA:144,1
DA:147,1
DA:148,1
DA:150,1
DA:151,1
DA:153,1
DA:157,1
DA:158,1
DA:159,1
DA:161,1
DA:162,1
DA:164,1
DA:167,1
DA:170,1
DA:171,1
DA:175,1
DA:177,1
DA:178,1
DA:179,1
DA:182,1
DA:183,1
BRF:0
BRH:0
LF:102
LH:101
end_of_record
SF:/Users/arulebarobbert/tokenbound_impl/soroban-contract/contracts/tba_registry/src/lib.rs
FN:304,_RNvCs4OEvcTKD0oO_12tba_registry19account_storage_key
FN:270,_RNvCs4OEvcTKD0oO_12tba_registry22compute_composite_salt
FN:70,_RNvMsy_Cs4OEvcTKD0oO_12tba_registryNtB5_11TbaRegistry11get_account
FN:44,_RNvMsy_Cs4OEvcTKD0oO_12tba_registryNtB5_11TbaRegistry13___constructor
FN:241,_RNvMsy_Cs4OEvcTKD0oO_12tba_registryNtB5_11TbaRegistry14cancel_upgrade
FN:245,_RNvMsy_Cs4OEvcTKD0oO_12tba_registryNtB5_11TbaRegistry14commit_upgrade
FN:119,_RNvMsy_Cs4OEvcTKD0oO_12tba_registryNtB5_11TbaRegistry14create_account
FN:257,_RNvMsy_Cs4OEvcTKD0oO_12tba_registryNtB5_11TbaRegistry14transfer_admin
FN:237,_RNvMsy_Cs4OEvcTKD0oO_12tba_registryNtB5_11TbaRegistry16schedule_upgrade
FN:223,_RNvMsy_Cs4OEvcTKD0oO_12tba_registryNtB5_11TbaRegistry20get_deployed_address
FN:207,_RNvMsy_Cs4OEvcTKD0oO_12tba_registryNtB5_11TbaRegistry23total_deployed_accounts
FN:249,_RNvMsy_Cs4OEvcTKD0oO_12tba_registryNtB5_11TbaRegistry5pause
FN:253,_RNvMsy_Cs4OEvcTKD0oO_12tba_registryNtB5_11TbaRegistry7unpause
FN:261,_RNvMsy_Cs4OEvcTKD0oO_12tba_registryNtB5_11TbaRegistry7version
FN:19,_RNvXsm_Cs4OEvcTKD0oO_12tba_registryNtNtNtCs8u0AqxxETQw_11stellar_xdr4curr9generated5ScValINtNtCscRhuRUhh5qb_4core7convert7TryFromRNtB5_7DataKeyE8try_from
FNDA:15,_RNvCs4OEvcTKD0oO_12tba_registry19account_storage_key
FNDA:27,_RNvCs4OEvcTKD0oO_12tba_registry22compute_composite_salt
FNDA:1,_RNvMsy_Cs4OEvcTKD0oO_12tba_registryNtB5_11TbaRegistry11get_account
FNDA:7,_RNvMsy_Cs4OEvcTKD0oO_12tba_registryNtB5_11TbaRegistry13___constructor
FNDA:0,_RNvMsy_Cs4OEvcTKD0oO_12tba_registryNtB5_11TbaRegistry14cancel_upgrade
FNDA:0,_RNvMsy_Cs4OEvcTKD0oO_12tba_registryNtB5_11TbaRegistry14commit_upgrade
FNDA:12,_RNvMsy_Cs4OEvcTKD0oO_12tba_registryNtB5_11TbaRegistry14create_account
FNDA:0,_RNvMsy_Cs4OEvcTKD0oO_12tba_registryNtB5_11TbaRegistry14transfer_admin
FNDA:0,_RNvMsy_Cs4OEvcTKD0oO_12tba_registryNtB5_11TbaRegistry16schedule_upgrade
FNDA:2,_RNvMsy_Cs4OEvcTKD0oO_12tba_registryNtB5_11TbaRegistry20get_deployed_address
FNDA:5,_RNvMsy_Cs4OEvcTKD0oO_12tba_registryNtB5_11TbaRegistry23total_deployed_accounts
FNDA:0,_RNvMsy_Cs4OEvcTKD0oO_12tba_registryNtB5_11TbaRegistry5pause
FNDA:0,_RNvMsy_Cs4OEvcTKD0oO_12tba_registryNtB5_11TbaRegistry7unpause
FNDA:0,_RNvMsy_Cs4OEvcTKD0oO_12tba_registryNtB5_11TbaRegistry7version
FNDA:0,_RNvXsm_Cs4OEvcTKD0oO_12tba_registryNtNtNtCs8u0AqxxETQw_11stellar_xdr4curr9generated5ScValINtNtCscRhuRUhh5qb_4core7convert7TryFromRNtB5_7DataKeyE8try_from
FNF:15
FNH:7
DA:19,0
DA:44,7
DA:45,7
DA:46,7
DA:47,7
DA:48,7
DA:49,7
DA:52,7
DA:53,7
DA:70,1
DA:71,1
DA:72,1
DA:73,1
DA:74,1
DA:75,1
DA:76,1
DA:79,1
DA:80,1
DA:82,1
DA:83,1
DA:85,0
DA:86,0
DA:87,1
DA:91,1
DA:92,1
DA:96,1
DA:97,1
DA:98,1
DA:99,1
DA:119,12
DA:120,12
DA:121,12
DA:122,12
DA:123,12
DA:124,12
DA:125,12
DA:128,12
DA:129,12
DA:130,12
DA:131,12
DA:133,12
DA:136,12
DA:137,12
DA:139,12
DA:140,1
DA:141,11
DA:144,11
DA:145,11
DA:146,11
DA:147,11
DA:148,11
DA:151,11
DA:152,11
DA:155,11
DA:159,11
DA:160,11
DA:161,11
DA:162,11
DA:165,11
DA:166,11
DA:167,11
DA:168,11
DA:169,11
DA:170,11
DA:172,11
DA:173,11
DA:174,11
DA:175,11
DA:179,11
DA:180,11
DA:181,11
DA:184,11
DA:187,11
DA:188,11
DA:189,11
DA:190,11
DA:193,11
DA:195,11
DA:196,12
DA:207,5
DA:208,5
DA:209,5
DA:210,5
DA:223,2
DA:224,2
DA:225,2
DA:226,2
DA:227,2
DA:228,2
DA:229,2
DA:230,2
DA:231,2
DA:232,2
DA:233,2
DA:237,0
DA:238,0
DA:239,0
DA:241,0
DA:242,0
DA:243,0
DA:245,0
DA:246,0
DA:247,0
DA:249,0
DA:250,0
DA:251,0
DA:253,0
DA:254,0
DA:255,0
DA:257,0
DA:258,0
DA:259,0
DA:261,0
DA:262,0
DA:263,0
DA:270,27
DA:271,27
DA:272,27
DA:273,27
DA:274,27
DA:275,27
DA:276,27
DA:280,27
DA:281,27
DA:285,27
DA:286,27
DA:287,27
DA:290,27
DA:293,27
DA:294,27
DA:295,27
DA:296,27
DA:297,27
DA:300,27
DA:301,27
DA:302,27
DA:304,15
DA:305,15
DA:306,15
DA:307,15
DA:308,15
DA:309,15
DA:310,15
DA:311,15
DA:312,15
DA:313,15
DA:314,15
DA:315,15
DA:316,15
DA:317,15
DA:318,15
BRF:0
BRH:0
LF:151
LH:127
end_of_record
SF:/Users/arulebarobbert/tokenbound_impl/soroban-contract/contracts/tba_registry/src/test.rs
FN:20,_RNvMs3_NtCs4OEvcTKD0oO_12tba_registry4testNtB5_7MockNFT8owner_of
FN:25,_RNvNtCs4OEvcTKD0oO_12tba_registry4test10setup_test
FN:120,_RNvNtCs4OEvcTKD0oO_12tba_registry4tests_25test_get_deployed_address
FN:39,_RNvNtCs4OEvcTKD0oO_12tba_registry4tests_30test_create_account_authorized
FN:64,_RNvNtCs4OEvcTKD0oO_12tba_registry4tests_31test_multiple_accounts_same_nft
FN:108,_RNvNtCs4OEvcTKD0oO_12tba_registry4tests_32test_cannot_create_account_twice
FN:95,_RNvNtCs4OEvcTKD0oO_12tba_registry4tests_33test_deployed_account_initialized
FN:138,_RNvNtCs4OEvcTKD0oO_12tba_registry4tests_35test_different_nfts_separate_counts
FN:52,_RNvNtCs4OEvcTKD0oO_12tba_registry4tests_39test_get_account_matches_create_account
FN:12,_RNvXs7_NtNtCs4OEvcTKD0oO_12tba_registry4test20tba_account_contractNtNtNtCs8u0AqxxETQw_11stellar_xdr4curr9generated5ScValINtNtCscRhuRUhh5qb_4core7convert7TryFromRNtB5_24TransactionExecutedEventE8try_from
FN:12,_RNvXsB_NtNtCs4OEvcTKD0oO_12tba_registry4test20tba_account_contractNtNtNtCs8u0AqxxETQw_11stellar_xdr4curr9generated5ScValINtNtCscRhuRUhh5qb_4core7convert7TryFromRNtB5_10UpgradeKeyE8try_from
FN:12,_RNvXsm_NtNtCs4OEvcTKD0oO_12tba_registry4test20tba_account_contractNtNtNtCs8u0AqxxETQw_11stellar_xdr4curr9generated5ScValINtNtCscRhuRUhh5qb_4core7convert7TryFromRNtB5_7DataKeyE8try_from
FNDA:23,_RNvMs3_NtCs4OEvcTKD0oO_12tba_registry4testNtB5_7MockNFT8owner_of
FNDA:7,_RNvNtCs4OEvcTKD0oO_12tba_registry4test10setup_test
FNDA:1,_RNvNtCs4OEvcTKD0oO_12tba_registry4tests_25test_get_deployed_address
FNDA:1,_RNvNtCs4OEvcTKD0oO_12tba_registry4tests_30test_create_account_authorized
FNDA:1,_RNvNtCs4OEvcTKD0oO_12tba_registry4tests_31test_multiple_accounts_same_nft
FNDA:1,_RNvNtCs4OEvcTKD0oO_12tba_registry4tests_32test_cannot_create_account_twice
FNDA:1,_RNvNtCs4OEvcTKD0oO_12tba_registry4tests_33test_deployed_account_initialized
FNDA:1,_RNvNtCs4OEvcTKD0oO_12tba_registry4tests_35test_different_nfts_separate_counts
FNDA:1,_RNvNtCs4OEvcTKD0oO_12tba_registry4tests_39test_get_account_matches_create_account
FNDA:0,_RNvXs7_NtNtCs4OEvcTKD0oO_12tba_registry4test20tba_account_contractNtNtNtCs8u0AqxxETQw_11stellar_xdr4curr9generated5ScValINtNtCscRhuRUhh5qb_4core7convert7TryFromRNtB5_24TransactionExecutedEventE8try_from
FNDA:0,_RNvXsB_NtNtCs4OEvcTKD0oO_12tba_registry4test20tba_account_contractNtNtNtCs8u0AqxxETQw_11stellar_xdr4curr9generated5ScValINtNtCscRhuRUhh5qb_4core7convert7TryFromRNtB5_10UpgradeKeyE8try_from
FNDA:0,_RNvXsm_NtNtCs4OEvcTKD0oO_12tba_registry4test20tba_account_contractNtNtNtCs8u0AqxxETQw_11stellar_xdr4curr9generated5ScValINtNtCscRhuRUhh5qb_4core7convert7TryFromRNtB5_7DataKeyE8try_from
FNF:10
FNH:9
DA:12,0
DA:20,23
DA:21,23
DA:22,23
DA:25,7
DA:26,7
DA:27,7
DA:28,7
DA:29,7
DA:30,7
DA:31,7
DA:32,7
DA:33,7
DA:34,7
DA:35,7
DA:36,7
DA:39,1
DA:40,1
DA:41,1
DA:42,1
DA:43,1
DA:45,1
DA:46,1
DA:47,1
DA:48,1
DA:49,1
DA:52,1
DA:53,1
DA:54,1
DA:55,1
DA:56,1
DA:58,1
DA:59,1
DA:60,1
DA:61,1
DA:64,1
DA:65,1
DA:66,1
DA:67,1
DA:69,1
DA:70,1
DA:71,1
DA:72,1
DA:73,1
DA:75,1
DA:76,1
DA:77,1
DA:78,1
DA:79,1
DA:81,1
DA:82,1
DA:83,1
DA:84,1
DA:85,1
DA:88,1
DA:89,1
DA:90,1
DA:91,1
DA:92,1
DA:95,1
DA:96,1
DA:97,1
DA:98,1
DA:99,1
DA:101,1
DA:102,1
DA:103,1
DA:104,1
DA:105,1
DA:108,1
DA:109,1
DA:110,1
DA:111,1
DA:112,1
DA:114,1
DA:115,1
DA:116,1
DA:117,1
DA:120,1
DA:121,1
DA:122,1
DA:123,1
DA:124,1
DA:126,1
DA:127,1
DA:130,1
DA:131,1
DA:132,1
DA:133,1
DA:135,1
DA:138,1
DA:139,1
DA:140,1
DA:141,1
DA:142,1
DA:144,1
DA:145,1
DA:146,1
DA:147,1
DA:148,1
DA:150,1
DA:151,1
DA:152,1
DA:153,1
DA:154,1
DA:157,1
DA:158,1
DA:160,1
DA:161,1
DA:162,1
DA:163,1
DA:164,1
DA:166,1
DA:167,1
DA:168,1
BRF:0
BRH:0
LF:115
LH:114
end_of_record
SF:/Users/arulebarobbert/tokenbound_impl/soroban-contract/contracts/ticket_factory/src/lib.rs
FN:32,_RNvXsm_Cs2WvxA3ivDkX_14ticket_factoryNtNtNtCs8u0AqxxETQw_11stellar_xdr4curr9generated5ScValINtNtCscRhuRUhh5qb_4core7convert7TryFromRNtB5_7DataKeyE8try_from
FN:58,_RNvMst_Cs2WvxA3ivDkX_14ticket_factoryNtB5_13TicketFactory13___constructor
FN:83,_RNvMst_Cs2WvxA3ivDkX_14ticket_factoryNtB5_13TicketFactory13deploy_ticket
FN:192,_RNvMst_Cs2WvxA3ivDkX_14ticket_factoryNtB5_13TicketFactory14cancel_upgrade
FN:196,_RNvMst_Cs2WvxA3ivDkX_14ticket_factoryNtB5_13TicketFactory14commit_upgrade
FN:208,_RNvMst_Cs2WvxA3ivDkX_14ticket_factoryNtB5_13TicketFactory14transfer_admin
FN:188,_RNvMst_Cs2WvxA3ivDkX_14ticket_factoryNtB5_13TicketFactory16schedule_upgrade
FN:159,_RNvMst_Cs2WvxA3ivDkX_14ticket_factoryNtB5_13TicketFactory17get_total_tickets
FN:146,_RNvMst_Cs2WvxA3ivDkX_14ticket_factoryNtB5_13TicketFactory19get_ticket_contract
FN:200,_RNvMst_Cs2WvxA3ivDkX_14ticket_factoryNtB5_13TicketFactory5pause
FN:204,_RNvMst_Cs2WvxA3ivDkX_14ticket_factoryNtB5_13TicketFactory7unpause
FN:212,_RNvMst_Cs2WvxA3ivDkX_14ticket_factoryNtB5_13TicketFactory7version
FN:173,_RNvMst_Cs2WvxA3ivDkX_14ticket_factoryNtB5_13TicketFactory9get_admin
FNDA:0,_RNvXsm_Cs2WvxA3ivDkX_14ticket_factoryNtNtNtCs8u0AqxxETQw_11stellar_xdr4curr9generated5ScValINtNtCscRhuRUhh5qb_4core7convert7TryFromRNtB5_7DataKeyE8try_from
FNDA:7,_RNvMst_Cs2WvxA3ivDkX_14ticket_factoryNtB5_13TicketFactory13___constructor
FNDA:12,_RNvMst_Cs2WvxA3ivDkX_14ticket_factoryNtB5_13TicketFactory13deploy_ticket
FNDA:0,_RNvMst_Cs2WvxA3ivDkX_14ticket_factoryNtB5_13TicketFactory14cancel_upgrade
FNDA:0,_RNvMst_Cs2WvxA3ivDkX_14ticket_factoryNtB5_13TicketFactory14commit_upgrade
FNDA:0,_RNvMst_Cs2WvxA3ivDkX_14ticket_factoryNtB5_13TicketFactory14transfer_admin
FNDA:0,_RNvMst_Cs2WvxA3ivDkX_14ticket_factoryNtB5_13TicketFactory16schedule_upgrade
FNDA:8,_RNvMst_Cs2WvxA3ivDkX_14ticket_factoryNtB5_13TicketFactory17get_total_tickets
FNDA:5,_RNvMst_Cs2WvxA3ivDkX_14ticket_factoryNtB5_13TicketFactory19get_ticket_contract
FNDA:0,_RNvMst_Cs2WvxA3ivDkX_14ticket_factoryNtB5_13TicketFactory5pause
FNDA:0,_RNvMst_Cs2WvxA3ivDkX_14ticket_factoryNtB5_13TicketFactory7unpause
FNDA:0,_RNvMst_Cs2WvxA3ivDkX_14ticket_factoryNtB5_13TicketFactory7version
FNDA:1,_RNvMst_Cs2WvxA3ivDkX_14ticket_factoryNtB5_13TicketFactory9get_admin
FNF:13
FNH:5
DA:32,0
DA:58,7
DA:59,7
DA:60,7
DA:61,7
DA:62,7
DA:63,7
DA:64,7
DA:65,7
DA:68,7
DA:69,7
DA:83,12
DA:85,12
DA:86,12
DA:87,12
DA:88,12
DA:89,12
DA:90,12
DA:93,12
DA:94,12
DA:95,12
DA:96,12
DA:97,12
DA:101,12
DA:105,12
DA:106,12
DA:107,12
DA:108,12
DA:111,12
DA:112,12
DA:113,12
DA:114,12
DA:115,12
DA:116,12
DA:117,12
DA:120,12
DA:121,12
DA:122,12
DA:125,12
DA:128,12
DA:129,12
DA:130,12
DA:133,12
DA:135,12
DA:136,12
DA:146,5
DA:147,5
DA:148,5
DA:149,5
DA:150,5
DA:159,8
DA:160,8
DA:161,8
DA:162,8
DA:163,8
DA:164,8
DA:173,1
DA:174,1
DA:175,1
DA:176,1
DA:177,1
DA:178,1
DA:181,1
DA:183,1
DA:184,1
DA:188,0
DA:189,0
DA:190,0
DA:192,0
DA:193,0
DA:194,0
DA:196,0
DA:197,0
DA:198,0
DA:200,0
DA:201,0
DA:202,0
DA:204,0
DA:205,0
DA:206,0
DA:208,0
DA:209,0
DA:210,0
DA:212,0
DA:213,0
DA:214,0
BRF:0
BRH:0
LF:86
LH:64
end_of_record
SF:/Users/arulebarobbert/tokenbound_impl/soroban-contract/contracts/ticket_factory/src/test.rs
FN:21,_RNvXs15_NtNtCs2WvxA3ivDkX_14ticket_factory4test19ticket_nft_contractNtNtNtCs8u0AqxxETQw_11stellar_xdr4curr9generated5ScValINtNtCscRhuRUhh5qb_4core7convert7TryFromRNtB6_10UpgradeKeyE8try_from
FN:21,_RNvXs7_NtNtCs2WvxA3ivDkX_14ticket_factory4test19ticket_nft_contractNtNtNtCs8u0AqxxETQw_11stellar_xdr4curr9generated5ScValINtNtCscRhuRUhh5qb_4core7convert7TryFromRNtB5_14TicketMetadataE8try_from
FN:21,_RNvXsB_NtNtCs2WvxA3ivDkX_14ticket_factory4test19ticket_nft_contractNtNtNtCs8u0AqxxETQw_11stellar_xdr4curr9generated5ScValINtNtCscRhuRUhh5qb_4core7convert7TryFromRNtB5_9EventInfoE8try_from
FN:21,_RNvXsQ_NtNtCs2WvxA3ivDkX_14ticket_factory4test19ticket_nft_contractNtNtNtCs8u0AqxxETQw_11stellar_xdr4curr9generated5ScValINtNtCscRhuRUhh5qb_4core7convert7TryFromRNtB5_7DataKeyE8try_from
FN:21,_RNvXsm_NtNtCs2WvxA3ivDkX_14ticket_factory4test19ticket_nft_contractNtNtNtCs8u0AqxxETQw_11stellar_xdr4curr9generated5ScValINtNtCscRhuRUhh5qb_4core7convert7TryFromRNtB5_16OffChainMetadataE8try_from
FN:25,_RNvNtCs2WvxA3ivDkX_14ticket_factory4test10setup_test
FN:171,_RNvNtCs2WvxA3ivDkX_14ticket_factory4tests_14test_get_admin
FN:131,_RNvNtCs2WvxA3ivDkX_14ticket_factory4tests_27test_tracking_storage_works
FN:63,_RNvNtCs2WvxA3ivDkX_14ticket_factory4tests_28test_returns_correct_address
FN:45,_RNvNtCs2WvxA3ivDkX_14ticket_factory4tests_31test_can_deploy_ticket_contract
FN:151,_RNvNtCs2WvxA3ivDkX_14ticket_factory4tests_33test_admin_authorization_required
FN:99,_RNvNtCs2WvxA3ivDkX_14ticket_factory4tests_34test_can_deploy_multiple_contracts
FN:81,_RNvNtCs2WvxA3ivDkX_14ticket_factory4tests_41test_deployed_contract_has_correct_minter
FNDA:0,_RNvXs15_NtNtCs2WvxA3ivDkX_14ticket_factory4test19ticket_nft_contractNtNtNtCs8u0AqxxETQw_11stellar_xdr4curr9generated5ScValINtNtCscRhuRUhh5qb_4core7convert7TryFromRNtB6_10UpgradeKeyE8try_from
FNDA:0,_RNvXs7_NtNtCs2WvxA3ivDkX_14ticket_factory4test19ticket_nft_contractNtNtNtCs8u0AqxxETQw_11stellar_xdr4curr9generated5ScValINtNtCscRhuRUhh5qb_4core7convert7TryFromRNtB5_14TicketMetadataE8try_from
FNDA:0,_RNvXsB_NtNtCs2WvxA3ivDkX_14ticket_factory4test19ticket_nft_contractNtNtNtCs8u0AqxxETQw_11stellar_xdr4curr9generated5ScValINtNtCscRhuRUhh5qb_4core7convert7TryFromRNtB5_9EventInfoE8try_from
FNDA:0,_RNvXsQ_NtNtCs2WvxA3ivDkX_14ticket_factory4test19ticket_nft_contractNtNtNtCs8u0AqxxETQw_11stellar_xdr4curr9generated5ScValINtNtCscRhuRUhh5qb_4core7convert7TryFromRNtB5_7DataKeyE8try_from
FNDA:0,_RNvXsm_NtNtCs2WvxA3ivDkX_14ticket_factory4test19ticket_nft_contractNtNtNtCs8u0AqxxETQw_11stellar_xdr4curr9generated5ScValINtNtCscRhuRUhh5qb_4core7convert7TryFromRNtB5_16OffChainMetadataE8try_from
FNDA:7,_RNvNtCs2WvxA3ivDkX_14ticket_factory4test10setup_test
FNDA:1,_RNvNtCs2WvxA3ivDkX_14ticket_factory4tests_14test_get_admin
FNDA:1,_RNvNtCs2WvxA3ivDkX_14ticket_factory4tests_27test_tracking_storage_works
FNDA:1,_RNvNtCs2WvxA3ivDkX_14ticket_factory4tests_28test_returns_correct_address
FNDA:1,_RNvNtCs2WvxA3ivDkX_14ticket_factory4tests_31test_can_deploy_ticket_contract
FNDA:1,_RNvNtCs2WvxA3ivDkX_14ticket_factory4tests_33test_admin_authorization_required
FNDA:1,_RNvNtCs2WvxA3ivDkX_14ticket_factory4tests_34test_can_deploy_multiple_contracts
FNDA:1,_RNvNtCs2WvxA3ivDkX_14ticket_factory4tests_41test_deployed_contract_has_correct_minter
FNF:9
FNH:8
DA:21,0
DA:25,7
DA:26,7
DA:27,7
DA:29,7
DA:32,7
DA:33,7
DA:34,7
DA:37,7
DA:38,7
DA:40,7
DA:41,7
DA:45,1
DA:46,1
DA:48,1
DA:49,1
DA:52,1
DA:55,1
DA:58,1
DA:59,1
DA:63,1
DA:64,1
DA:66,1
DA:67,1
DA:70,1
DA:73,1
DA:76,1
DA:77,1
DA:81,1
DA:82,1
DA:84,1
DA:85,1
DA:88,1
DA:91,1
DA:94,1
DA:95,1
DA:99,1
DA:100,1
DA:102,1
DA:103,1
DA:104,1
DA:106,1
DA:107,1
DA:108,1
DA:111,1
DA:112,1
DA:113,1
DA:116,1
DA:117,1
DA:118,1
DA:121,1
DA:124,1
DA:125,1
DA:126,1
DA:127,1
DA:131,1
DA:132,1
DA:135,1
DA:138,6
DA:139,5
DA:140,5
DA:141,5
DA:142,5
DA:146,1
DA:147,1
DA:151,1
DA:152,1
DA:154,1
DA:155,1
DA:158,1
DA:161,1
DA:162,1
DA:165,1
DA:166,1
DA:167,1
DA:171,1
DA:172,1
DA:174,1
DA:175,1
BRF:0
BRH:0
LF:79
LH:78
end_of_record
SF:/Users/arulebarobbert/tokenbound_impl/soroban-contract/contracts/ticket_nft/src/lib.rs
FN:49,_RNvXs13_Cs1AFKF4vdDNj_10ticket_nftNtNtNtCs8u0AqxxETQw_11stellar_xdr4curr9generated5ScValINtNtCscRhuRUhh5qb_4core7convert7TryFromRNtB6_7DataKeyE8try_from
FN:34,_RNvXsA_Cs1AFKF4vdDNj_10ticket_nftNtNtNtCs8u0AqxxETQw_11stellar_xdr4curr9generated5ScValINtNtCscRhuRUhh5qb_4core7convert7TryFromRNtB5_16OffChainMetadataE8try_from
FN:41,_RNvXsO_Cs1AFKF4vdDNj_10ticket_nftNtNtNtCs8u0AqxxETQw_11stellar_xdr4curr9generated5ScValINtNtCscRhuRUhh5qb_4core7convert7TryFromRNtB5_9EventInfoE8try_from
FN:24,_RNvXsm_Cs1AFKF4vdDNj_10ticket_nftNtNtNtCs8u0AqxxETQw_11stellar_xdr4curr9generated5ScValINtNtCscRhuRUhh5qb_4core7convert7TryFromRNtB5_14TicketMetadataE8try_from
FN:255,_RNvMs1a_Cs1AFKF4vdDNj_10ticket_nftNtB6_9TicketNft10balance_of
FN:323,_RNvMs1a_Cs1AFKF4vdDNj_10ticket_nftNtB6_9TicketNft10get_minter
FN:147,_RNvMs1a_Cs1AFKF4vdDNj_10ticket_nftNtB6_9TicketNft12get_metadata
FN:65,_RNvMs1a_Cs1AFKF4vdDNj_10ticket_nftNtB6_9TicketNft13___constructor
FN:262,_RNvMs1a_Cs1AFKF4vdDNj_10ticket_nftNtB6_9TicketNft13transfer_from
FN:334,_RNvMs1a_Cs1AFKF4vdDNj_10ticket_nftNtB6_9TicketNft14cancel_upgrade
FN:338,_RNvMs1a_Cs1AFKF4vdDNj_10ticket_nftNtB6_9TicketNft14commit_upgrade
FN:233,_RNvMs1a_Cs1AFKF4vdDNj_10ticket_nftNtB6_9TicketNft14register_event
FN:350,_RNvMs1a_Cs1AFKF4vdDNj_10ticket_nftNtB6_9TicketNft14transfer_admin
FN:73,_RNvMs1a_Cs1AFKF4vdDNj_10ticket_nftNtB6_9TicketNft15mint_ticket_nft
FN:161,_RNvMs1a_Cs1AFKF4vdDNj_10ticket_nftNtB6_9TicketNft15update_metadata
FN:330,_RNvMs1a_Cs1AFKF4vdDNj_10ticket_nftNtB6_9TicketNft16schedule_upgrade
FN:205,_RNvMs1a_Cs1AFKF4vdDNj_10ticket_nftNtB6_9TicketNft20update_off_chain_uri
FN:380,_RNvMs1a_Cs1AFKF4vdDNj_10ticket_nftNtB6_9TicketNft21extend_persistent_ttl
FN:358,_RNvMs1a_Cs1AFKF4vdDNj_10ticket_nftNtB6_9TicketNft22require_metadata_admin
FN:300,_RNvMs1a_Cs1AFKF4vdDNj_10ticket_nftNtB6_9TicketNft4burn
FN:342,_RNvMs1a_Cs1AFKF4vdDNj_10ticket_nftNtB6_9TicketNft5pause
FN:346,_RNvMs1a_Cs1AFKF4vdDNj_10ticket_nftNtB6_9TicketNft7unpause
FN:354,_RNvMs1a_Cs1AFKF4vdDNj_10ticket_nftNtB6_9TicketNft7version
FN:319,_RNvMs1a_Cs1AFKF4vdDNj_10ticket_nftNtB6_9TicketNft8is_valid
FN:245,_RNvMs1a_Cs1AFKF4vdDNj_10ticket_nftNtB6_9TicketNft8owner_of
FN:130,_RNvMs1a_Cs1AFKF4vdDNj_10ticket_nftNtB6_9TicketNft9token_uri
FNDA:0,_RNvXs13_Cs1AFKF4vdDNj_10ticket_nftNtNtNtCs8u0AqxxETQw_11stellar_xdr4curr9generated5ScValINtNtCscRhuRUhh5qb_4core7convert7TryFromRNtB6_7DataKeyE8try_from
FNDA:0,_RNvXsA_Cs1AFKF4vdDNj_10ticket_nftNtNtNtCs8u0AqxxETQw_11stellar_xdr4curr9generated5ScValINtNtCscRhuRUhh5qb_4core7convert7TryFromRNtB5_16OffChainMetadataE8try_from
FNDA:0,_RNvXsO_Cs1AFKF4vdDNj_10ticket_nftNtNtNtCs8u0AqxxETQw_11stellar_xdr4curr9generated5ScValINtNtCscRhuRUhh5qb_4core7convert7TryFromRNtB5_9EventInfoE8try_from
FNDA:0,_RNvXsm_Cs1AFKF4vdDNj_10ticket_nftNtNtNtCs8u0AqxxETQw_11stellar_xdr4curr9generated5ScValINtNtCscRhuRUhh5qb_4core7convert7TryFromRNtB5_14TicketMetadataE8try_from
FNDA:7,_RNvMs1a_Cs1AFKF4vdDNj_10ticket_nftNtB6_9TicketNft10balance_of
FNDA:0,_RNvMs1a_Cs1AFKF4vdDNj_10ticket_nftNtB6_9TicketNft10get_minter
FNDA:5,_RNvMs1a_Cs1AFKF4vdDNj_10ticket_nftNtB6_9TicketNft12get_metadata
FNDA:8,_RNvMs1a_Cs1AFKF4vdDNj_10ticket_nftNtB6_9TicketNft13___constructor
FNDA:2,_RNvMs1a_Cs1AFKF4vdDNj_10ticket_nftNtB6_9TicketNft13transfer_from
FNDA:0,_RNvMs1a_Cs1AFKF4vdDNj_10ticket_nftNtB6_9TicketNft14cancel_upgrade
FNDA:0,_RNvMs1a_Cs1AFKF4vdDNj_10ticket_nftNtB6_9TicketNft14commit_upgrade
FNDA:0,_RNvMs1a_Cs1AFKF4vdDNj_10ticket_nftNtB6_9TicketNft14register_event
FNDA:0,_RNvMs1a_Cs1AFKF4vdDNj_10ticket_nftNtB6_9TicketNft14transfer_admin
FNDA:11,_RNvMs1a_Cs1AFKF4vdDNj_10ticket_nftNtB6_9TicketNft15mint_ticket_nft
FNDA:1,_RNvMs1a_Cs1AFKF4vdDNj_10ticket_nftNtB6_9TicketNft15update_metadata
FNDA:0,_RNvMs1a_Cs1AFKF4vdDNj_10ticket_nftNtB6_9TicketNft16schedule_upgrade
FNDA:1,_RNvMs1a_Cs1AFKF4vdDNj_10ticket_nftNtB6_9TicketNft20update_off_chain_uri
FNDA:47,_RNvMs1a_Cs1AFKF4vdDNj_10ticket_nftNtB6_9TicketNft21extend_persistent_ttl
FNDA:2,_RNvMs1a_Cs1AFKF4vdDNj_10ticket_nftNtB6_9TicketNft22require_metadata_admin
FNDA:1,_RNvMs1a_Cs1AFKF4vdDNj_10ticket_nftNtB6_9TicketNft4burn
FNDA:0,_RNvMs1a_Cs1AFKF4vdDNj_10ticket_nftNtB6_9TicketNft5pause
FNDA:0,_RNvMs1a_Cs1AFKF4vdDNj_10ticket_nftNtB6_9TicketNft7unpause
FNDA:0,_RNvMs1a_Cs1AFKF4vdDNj_10ticket_nftNtB6_9TicketNft7version
FNDA:13,_RNvMs1a_Cs1AFKF4vdDNj_10ticket_nftNtB6_9TicketNft8is_valid
FNDA:6,_RNvMs1a_Cs1AFKF4vdDNj_10ticket_nftNtB6_9TicketNft8owner_of
FNDA:2,_RNvMs1a_Cs1AFKF4vdDNj_10ticket_nftNtB6_9TicketNft9token_uri
FNF:26
FNH:13
DA:24,0
DA:34,0
DA:41,0
DA:49,0
DA:65,8
DA:66,8
DA:67,8
DA:68,8
DA:69,8
DA:70,8
DA:71,8
DA:73,11
DA:74,11
DA:75,11
DA:76,11
DA:77,11
DA:78,11
DA:79,11
DA:81,11
DA:82,11
DA:83,11
DA:84,11
DA:85,11
DA:87,11
DA:88,1
DA:89,10
DA:91,10
DA:92,10
DA:93,10
DA:94,10
DA:95,10
DA:97,10
DA:98,10
DA:99,10
DA:100,10
DA:101,10
DA:102,10
DA:104,10
DA:105,10
DA:106,10
DA:107,10
DA:108,10
DA:109,10
DA:110,10
DA:111,10
DA:112,10
DA:113,10
DA:115,10
DA:116,10
DA:117,10
DA:119,10
DA:120,10
DA:121,10
DA:122,10
DA:124,10
DA:125,10
DA:127,10
DA:128,11
DA:130,2
DA:131,2
DA:132,0
DA:133,2
DA:135,2
DA:136,2
DA:137,2
DA:138,2
DA:140,1
DA:141,1
DA:142,1
DA:144,1
DA:145,2
DA:147,5
DA:148,5
DA:149,1
DA:150,4
DA:152,4
DA:153,4
DA:154,4
DA:155,4
DA:156,4
DA:157,4
DA:158,4
DA:159,5
DA:161,1
DA:162,1
DA:163,1
DA:164,1
DA:165,1
DA:166,1
DA:167,1
DA:168,1
DA:169,1
DA:170,0
DA:171,1
DA:173,1
DA:174,1
DA:175,1
DA:176,1
DA:177,1
DA:179,1
DA:181,1
DA:182,1
DA:183,1
DA:184,1
DA:185,0
DA:186,1
DA:187,1
DA:188,0
DA:189,1
DA:190,1
DA:191,1
DA:192,1
DA:194,1
DA:195,1
DA:196,1
DA:197,1
DA:199,1
DA:200,1
DA:202,1
DA:203,1
DA:205,1
DA:206,1
DA:207,0
DA:208,1
DA:210,1
DA:211,1
DA:212,1
DA:213,1
DA:214,1
DA:216,1
DA:218,1
DA:219,1
DA:220,1
DA:221,1
DA:222,1
DA:223,1
DA:224,1
DA:225,1
DA:227,1
DA:228,1
DA:230,1
DA:231,1
DA:233,0
DA:234,0
DA:235,0
DA:236,0
DA:237,0
DA:238,0
DA:239,0
DA:240,0
DA:241,0
DA:242,0
DA:243,0
DA:245,6
DA:246,6
DA:247,6
DA:248,6
DA:249,6
DA:250,6
DA:251,6
DA:252,6
DA:253,6
DA:255,7
DA:256,7
DA:257,7
DA:258,7
DA:259,7
DA:260,7
DA:262,2
DA:263,2
DA:264,2
DA:265,2
DA:266,2
DA:267,2
DA:268,2
DA:270,2
DA:271,0
DA:272,2
DA:274,2
DA:275,2
DA:276,0
DA:277,2
DA:279,2
DA:280,1
DA:281,1
DA:283,1
DA:284,1
DA:285,1
DA:286,1
DA:287,1
DA:288,1
DA:289,1
DA:290,1
DA:291,1
DA:293,1
DA:294,1
DA:295,1
DA:297,1
DA:298,2
DA:300,1
DA:301,1
DA:302,1
DA:304,1
DA:305,1
DA:306,1
DA:307,1
DA:308,1
DA:309,1
DA:310,1
DA:311,1
DA:312,1
DA:313,1
DA:314,1
DA:316,1
DA:317,1
DA:319,13
DA:320,13
DA:321,13
DA:323,0
DA:324,0
DA:325,0
DA:326,0
DA:327,0
DA:328,0
DA:330,0
DA:331,0
DA:332,0
DA:334,0
DA:335,0
DA:336,0
DA:338,0
DA:339,0
DA:340,0
DA:342,0
DA:343,0
DA:344,0
DA:346,0
DA:347,0
DA:348,0
DA:350,0
DA:351,0
DA:352,0
DA:354,0
DA:355,0
DA:356,0
DA:358,2
DA:359,2
DA:360,0
DA:361,0
DA:362,0
DA:363,0
DA:365,0
DA:366,0
DA:367,0
DA:368,0
DA:369,2
DA:371,2
DA:372,2
DA:373,2
DA:374,2
DA:375,2
DA:376,2
DA:377,2
DA:378,2
DA:380,47
DA:381,47
DA:382,47
BRF:0
BRH:0
LF:267
LH:210
end_of_record
SF:/Users/arulebarobbert/tokenbound_impl/soroban-contract/contracts/ticket_nft/src/test.rs
FN:7,_RNvNtCs1AFKF4vdDNj_10ticket_nft4test5setup
FN:49,_RNvNtCs1AFKF4vdDNj_10ticket_nft4tests_32test_transfer_preserves_metadata
FN:15,_RNvNtCs1AFKF4vdDNj_10ticket_nft4tests_34test_minting_defaults_and_balances
FN:38,_RNvNtCs1AFKF4vdDNj_10ticket_nft4tests_35test_cannot_mint_twice_to_same_user
FN:83,_RNvNtCs1AFKF4vdDNj_10ticket_nft4tests_36test_burn_removes_token_and_metadata
FN:69,_RNvNtCs1AFKF4vdDNj_10ticket_nft4tests_40test_cannot_transfer_to_user_with_ticket
FN:99,_RNvNtCs1AFKF4vdDNj_10ticket_nft4tests_41test_token_uri_defaults_to_onchain_scheme
FN:133,_RNvNtCs1AFKF4vdDNj_10ticket_nft4tests_42test_update_offchain_uri_changes_token_uri
FN:110,_RNvNtCs1AFKF4vdDNj_10ticket_nft4tests_56test_minter_can_update_metadata_without_registered_event
FNDA:8,_RNvNtCs1AFKF4vdDNj_10ticket_nft4test5setup
FNDA:1,_RNvNtCs1AFKF4vdDNj_10ticket_nft4tests_32test_transfer_preserves_metadata
FNDA:1,_RNvNtCs1AFKF4vdDNj_10ticket_nft4tests_34test_minting_defaults_and_balances
FNDA:1,_RNvNtCs1AFKF4vdDNj_10ticket_nft4tests_35test_cannot_mint_twice_to_same_user
FNDA:1,_RNvNtCs1AFKF4vdDNj_10ticket_nft4tests_36test_burn_removes_token_and_metadata
FNDA:1,_RNvNtCs1AFKF4vdDNj_10ticket_nft4tests_40test_cannot_transfer_to_user_with_ticket
FNDA:1,_RNvNtCs1AFKF4vdDNj_10ticket_nft4tests_41test_token_uri_defaults_to_onchain_scheme
FNDA:1,_RNvNtCs1AFKF4vdDNj_10ticket_nft4tests_42test_update_offchain_uri_changes_token_uri
FNDA:1,_RNvNtCs1AFKF4vdDNj_10ticket_nft4tests_56test_minter_can_update_metadata_without_registered_event
FNF:9
FNH:9
DA:7,8
DA:8,8
DA:9,8
DA:10,8
DA:11,8
DA:12,8
DA:15,1
DA:16,1
DA:17,1
DA:18,1
DA:19,1
DA:21,1
DA:22,1
DA:24,1
DA:25,1
DA:26,1
DA:27,1
DA:28,1
DA:29,1
DA:31,1
DA:32,1
DA:33,1
DA:34,1
DA:35,1
DA:38,1
DA:39,1
DA:40,1
DA:41,1
DA:43,1
DA:44,1
DA:45,1
DA:46,1
DA:49,1
DA:50,1
DA:51,1
DA:52,1
DA:53,1
DA:55,1
DA:56,1
DA:58,1
DA:60,1
DA:61,1
DA:62,1
DA:64,1
DA:65,1
DA:66,1
DA:69,1
DA:70,1
DA:71,1
DA:72,1
DA:73,1
DA:75,1
DA:76,1
DA:78,1
DA:79,1
DA:80,1
DA:83,1
DA:84,1
DA:85,1
DA:86,1
DA:88,1
DA:89,1
DA:91,1
DA:93,1
DA:94,1
DA:95,1
DA:96,1
DA:99,1
DA:100,1
DA:101,1
DA:102,1
DA:104,1
DA:105,1
DA:106,1
DA:107,1
DA:110,1
DA:111,1
DA:112,1
DA:113,1
DA:115,1
DA:116,1
DA:117,1
DA:119,1
DA:120,1
DA:121,1
DA:122,1
DA:123,1
DA:124,1
DA:127,1
DA:128,1
DA:129,1
DA:130,1
DA:133,1
DA:134,1
DA:135,1
DA:136,1
DA:138,1
DA:139,1
DA:141,1
DA:143,1
DA:144,1
DA:145,1
BRF:0
BRH:0
LF:102
LH:102
end_of_record
SF:/Users/arulebarobbert/tokenbound_impl/soroban-contract/contracts/upgradeable/src/lib.rs
FN:186,_RINvCseBBfmufRWRk_11upgradeable21extend_persistent_ttlNtCsbgEDpo6Prfz_13event_manager7DataKeyEBS_
FN:58,_RNvCseBBfmufRWRk_11upgradeable11get_version
FN:65,_RNvCseBBfmufRWRk_11upgradeable12bump_version
FN:54,_RNvCseBBfmufRWRk_11upgradeable12init_version
FN:48,_RNvCseBBfmufRWRk_11upgradeable13require_admin
FN:123,_RNvCseBBfmufRWRk_11upgradeable14cancel_upgrade
FN:131,_RNvCseBBfmufRWRk_11upgradeable14commit_upgrade
FN:162,_RNvCseBBfmufRWRk_11upgradeable14transfer_admin
FN:105,_RNvCseBBfmufRWRk_11upgradeable16schedule_upgrade
FN:97,_RNvCseBBfmufRWRk_11upgradeable18require_not_paused
FN:180,_RNvCseBBfmufRWRk_11upgradeable19extend_instance_ttl
FN:176,_RNvCseBBfmufRWRk_11upgradeable21default_ttl_extend_to
FN:172,_RNvCseBBfmufRWRk_11upgradeable21default_ttl_threshold
FN:81,_RNvCseBBfmufRWRk_11upgradeable5pause
FN:89,_RNvCseBBfmufRWRk_11upgradeable7unpause
FN:41,_RNvCseBBfmufRWRk_11upgradeable9get_admin
FN:73,_RNvCseBBfmufRWRk_11upgradeable9is_paused
FN:37,_RNvCseBBfmufRWRk_11upgradeable9set_admin
FN:186,_RINvCseBBfmufRWRk_11upgradeable21extend_persistent_ttlpEB2_
FN:22,_RNvXs5_CseBBfmufRWRk_11upgradeableNtNtNtCs8u0AqxxETQw_11stellar_xdr4curr9generated5ScValINtNtCscRhuRUhh5qb_4core7convert7TryFromRNtB5_10UpgradeKeyE8try_from
FN:186,_RINvCseBBfmufRWRk_11upgradeable21extend_persistent_ttlNtCs4Ak0Oweg7gE_11marketplace7DataKeyEBS_
FN:186,_RINvCseBBfmufRWRk_11upgradeable21extend_persistent_ttlNtCsdoo5x4ZH8aT_8poap_nft7DataKeyEBS_
FN:186,_RINvCseBBfmufRWRk_11upgradeable21extend_persistent_ttlNtCs4OEvcTKD0oO_12tba_registry7DataKeyEBS_
FN:186,_RINvCseBBfmufRWRk_11upgradeable21extend_persistent_ttlNtCs2WvxA3ivDkX_14ticket_factory7DataKeyEBS_
FN:186,_RINvCseBBfmufRWRk_11upgradeable21extend_persistent_ttlNtCs1AFKF4vdDNj_10ticket_nft7DataKeyEBS_
FN:186,_RINvCshglweBPZvPq_11upgradeable21extend_persistent_ttlpEB2_
FN:58,_RNvCshglweBPZvPq_11upgradeable11get_version
FN:65,_RNvCshglweBPZvPq_11upgradeable12bump_version
FN:54,_RNvCshglweBPZvPq_11upgradeable12init_version
FN:48,_RNvCshglweBPZvPq_11upgradeable13require_admin
FN:123,_RNvCshglweBPZvPq_11upgradeable14cancel_upgrade
FN:131,_RNvCshglweBPZvPq_11upgradeable14commit_upgrade
FN:162,_RNvCshglweBPZvPq_11upgradeable14transfer_admin
FN:105,_RNvCshglweBPZvPq_11upgradeable16schedule_upgrade
FN:97,_RNvCshglweBPZvPq_11upgradeable18require_not_paused
FN:180,_RNvCshglweBPZvPq_11upgradeable19extend_instance_ttl
FN:176,_RNvCshglweBPZvPq_11upgradeable21default_ttl_extend_to
FN:172,_RNvCshglweBPZvPq_11upgradeable21default_ttl_threshold
FN:81,_RNvCshglweBPZvPq_11upgradeable5pause
FN:89,_RNvCshglweBPZvPq_11upgradeable7unpause
FN:41,_RNvCshglweBPZvPq_11upgradeable9get_admin
FN:73,_RNvCshglweBPZvPq_11upgradeable9is_paused
FN:37,_RNvCshglweBPZvPq_11upgradeable9set_admin
FN:22,_RNvXs5_CshglweBPZvPq_11upgradeableNtNtNtCs8u0AqxxETQw_11stellar_xdr4curr9generated5ScValINtNtCscRhuRUhh5qb_4core7convert7TryFromRNtB5_10UpgradeKeyE8try_from
FNDA:846,_RINvCseBBfmufRWRk_11upgradeable21extend_persistent_ttlNtCsbgEDpo6Prfz_13event_manager7DataKeyEBS_
FNDA:0,_RNvCseBBfmufRWRk_11upgradeable11get_version
FNDA:0,_RNvCseBBfmufRWRk_11upgradeable12bump_version
FNDA:172,_RNvCseBBfmufRWRk_11upgradeable12init_version
FNDA:0,_RNvCseBBfmufRWRk_11upgradeable13require_admin
FNDA:0,_RNvCseBBfmufRWRk_11upgradeable14cancel_upgrade
FNDA:0,_RNvCseBBfmufRWRk_11upgradeable14commit_upgrade
FNDA:0,_RNvCseBBfmufRWRk_11upgradeable14transfer_admin
FNDA:0,_RNvCseBBfmufRWRk_11upgradeable16schedule_upgrade
FNDA:426,_RNvCseBBfmufRWRk_11upgradeable18require_not_paused
FNDA:373,_RNvCseBBfmufRWRk_11upgradeable19extend_instance_ttl
FNDA:1308,_RNvCseBBfmufRWRk_11upgradeable21default_ttl_extend_to
FNDA:1308,_RNvCseBBfmufRWRk_11upgradeable21default_ttl_threshold
FNDA:0,_RNvCseBBfmufRWRk_11upgradeable5pause
FNDA:0,_RNvCseBBfmufRWRk_11upgradeable7unpause
FNDA:0,_RNvCseBBfmufRWRk_11upgradeable9get_admin
FNDA:426,_RNvCseBBfmufRWRk_11upgradeable9is_paused
FNDA:172,_RNvCseBBfmufRWRk_11upgradeable9set_admin
FNDA:0,_RINvCseBBfmufRWRk_11upgradeable21extend_persistent_ttlpEB2_
FNDA:0,_RNvXs5_CseBBfmufRWRk_11upgradeableNtNtNtCs8u0AqxxETQw_11stellar_xdr4curr9generated5ScValINtNtCscRhuRUhh5qb_4core7convert7TryFromRNtB5_10UpgradeKeyE8try_from
FNDA:0,_RINvCseBBfmufRWRk_11upgradeable21extend_persistent_ttlNtCs4Ak0Oweg7gE_11marketplace7DataKeyEBS_
FNDA:8,_RINvCseBBfmufRWRk_11upgradeable21extend_persistent_ttlNtCsdoo5x4ZH8aT_8poap_nft7DataKeyEBS_
FNDA:22,_RINvCseBBfmufRWRk_11upgradeable21extend_persistent_ttlNtCs4OEvcTKD0oO_12tba_registry7DataKeyEBS_
FNDA:12,_RINvCseBBfmufRWRk_11upgradeable21extend_persistent_ttlNtCs2WvxA3ivDkX_14ticket_factory7DataKeyEBS_
FNDA:47,_RINvCseBBfmufRWRk_11upgradeable21extend_persistent_ttlNtCs1AFKF4vdDNj_10ticket_nft7DataKeyEBS_
FNDA:0,_RINvCshglweBPZvPq_11upgradeable21extend_persistent_ttlpEB2_
FNDA:0,_RNvCshglweBPZvPq_11upgradeable11get_version
FNDA:0,_RNvCshglweBPZvPq_11upgradeable12bump_version
FNDA:0,_RNvCshglweBPZvPq_11upgradeable12init_version
FNDA:0,_RNvCshglweBPZvPq_11upgradeable13require_admin
FNDA:0,_RNvCshglweBPZvPq_11upgradeable14cancel_upgrade
FNDA:0,_RNvCshglweBPZvPq_11upgradeable14commit_upgrade
FNDA:0,_RNvCshglweBPZvPq_11upgradeable14transfer_admin
FNDA:0,_RNvCshglweBPZvPq_11upgradeable16schedule_upgrade
FNDA:0,_RNvCshglweBPZvPq_11upgradeable18require_not_paused
FNDA:0,_RNvCshglweBPZvPq_11upgradeable19extend_instance_ttl
FNDA:0,_RNvCshglweBPZvPq_11upgradeable21default_ttl_extend_to
FNDA:0,_RNvCshglweBPZvPq_11upgradeable21default_ttl_threshold
FNDA:0,_RNvCshglweBPZvPq_11upgradeable5pause
FNDA:0,_RNvCshglweBPZvPq_11upgradeable7unpause
FNDA:0,_RNvCshglweBPZvPq_11upgradeable9get_admin
FNDA:0,_RNvCshglweBPZvPq_11upgradeable9is_paused
FNDA:0,_RNvCshglweBPZvPq_11upgradeable9set_admin
FNDA:0,_RNvXs5_CshglweBPZvPq_11upgradeableNtNtNtCs8u0AqxxETQw_11stellar_xdr4curr9generated5ScValINtNtCscRhuRUhh5qb_4core7convert7TryFromRNtB5_10UpgradeKeyE8try_from
FNF:19
FNH:8
DA:22,0
DA:37,172
DA:38,172
DA:39,172
DA:41,0
DA:42,0
DA:43,0
DA:44,0
DA:45,0
DA:46,0
DA:48,0
DA:49,0
DA:50,0
DA:54,172
DA:55,172
DA:56,172
DA:58,0
DA:59,0
DA:60,0
DA:61,0
DA:62,0
DA:63,0
DA:65,0
DA:66,0
DA:67,0
DA:68,0
DA:69,0
DA:73,426
DA:74,426
DA:75,426
DA:76,426
DA:77,426
DA:78,426
DA:81,0
DA:82,0
DA:83,0
DA:84,0
DA:85,0
DA:86,0
DA:89,0
DA:90,0
DA:91,0
DA:92,0
DA:93,0
DA:94,0
DA:97,426
DA:98,426
DA:99,426
DA:105,0
DA:106,0
DA:107,0
DA:108,0
DA:109,0
DA:110,0
DA:112,0
DA:113,0
DA:114,0
DA:115,0
DA:116,0
DA:117,0
DA:118,0
DA:120,0
DA:123,0
DA:124,0
DA:125,0
DA:126,0
DA:127,0
DA:128,0
DA:131,0
DA:132,0
DA:134,0
DA:135,0
DA:136,0
DA:137,0
DA:138,0
DA:140,0
DA:141,0
DA:142,0
DA:143,0
DA:147,0
DA:149,0
DA:150,0
DA:152,0
DA:153,0
DA:155,0
DA:156,0
DA:157,0
DA:159,0
DA:162,0
DA:163,0
DA:164,0
DA:165,0
DA:166,0
DA:167,0
DA:168,0
DA:172,1308
DA:173,1308
DA:174,1308
DA:176,1308
DA:177,1308
DA:178,1308
DA:180,373
DA:181,373
DA:182,373
DA:183,373
DA:184,373
DA:186,935
DA:187,935
DA:188,935
DA:190,935
DA:191,935
DA:192,935
DA:193,935
BRF:0
BRH:0
LF:113
LH:33
end_of_record